Start testing: May 24 20:46 CST
----------------------------------------------------------
1/169 Testing: t_wrapping_ints_cmp
1/169 Test: t_wrapping_ints_cmp
Command: "/home/xiurui/sponge/bulid/tests/wrapping_integers_cmp"
Directory: /home/xiurui/sponge/bulid
"t_wrapping_ints_cmp" start time: May 24 20:46 CST
Output:
----------------------------------------------------------
<end of output>
Test time =   0.00 sec
----------------------------------------------------------
Test Passed.
"t_wrapping_ints_cmp" end time: May 24 20:46 CST
"t_wrapping_ints_cmp" time elapsed: 00:00:00
----------------------------------------------------------

2/169 Testing: t_wrapping_ints_unwrap
2/169 Test: t_wrapping_ints_unwrap
Command: "/home/xiurui/sponge/bulid/tests/wrapping_integers_unwrap"
Directory: /home/xiurui/sponge/bulid
"t_wrapping_ints_unwrap" start time: May 24 20:46 CST
Output:
----------------------------------------------------------
<end of output>
Test time =   0.00 sec
----------------------------------------------------------
Test Passed.
"t_wrapping_ints_unwrap" end time: May 24 20:46 CST
"t_wrapping_ints_unwrap" time elapsed: 00:00:00
----------------------------------------------------------

3/169 Testing: t_wrapping_ints_wrap
3/169 Test: t_wrapping_ints_wrap
Command: "/home/xiurui/sponge/bulid/tests/wrapping_integers_wrap"
Directory: /home/xiurui/sponge/bulid
"t_wrapping_ints_wrap" start time: May 24 20:46 CST
Output:
----------------------------------------------------------
<end of output>
Test time =   0.00 sec
----------------------------------------------------------
Test Passed.
"t_wrapping_ints_wrap" end time: May 24 20:46 CST
"t_wrapping_ints_wrap" time elapsed: 00:00:00
----------------------------------------------------------

4/169 Testing: t_wrapping_ints_roundtrip
4/169 Test: t_wrapping_ints_roundtrip
Command: "/home/xiurui/sponge/bulid/tests/wrapping_integers_roundtrip"
Directory: /home/xiurui/sponge/bulid
"t_wrapping_ints_roundtrip" start time: May 24 20:46 CST
Output:
----------------------------------------------------------
<end of output>
Test time =   0.10 sec
----------------------------------------------------------
Test Passed.
"t_wrapping_ints_roundtrip" end time: May 24 20:46 CST
"t_wrapping_ints_roundtrip" time elapsed: 00:00:00
----------------------------------------------------------

5/169 Testing: t_recv_connect
5/169 Test: t_recv_connect
Command: "/home/xiurui/sponge/bulid/tests/recv_connect"
Directory: /home/xiurui/sponge/bulid
"t_recv_connect" start time: May 24 20:46 CST
Output:
----------------------------------------------------------
<end of output>
Test time =   0.01 sec
----------------------------------------------------------
Test Passed.
"t_recv_connect" end time: May 24 20:46 CST
"t_recv_connect" time elapsed: 00:00:00
----------------------------------------------------------

6/169 Testing: t_recv_transmit
6/169 Test: t_recv_transmit
Command: "/home/xiurui/sponge/bulid/tests/recv_transmit"
Directory: /home/xiurui/sponge/bulid
"t_recv_transmit" start time: May 24 20:46 CST
Output:
----------------------------------------------------------
<end of output>
Test time =   0.06 sec
----------------------------------------------------------
Test Passed.
"t_recv_transmit" end time: May 24 20:46 CST
"t_recv_transmit" time elapsed: 00:00:00
----------------------------------------------------------

7/169 Testing: t_recv_window
7/169 Test: t_recv_window
Command: "/home/xiurui/sponge/bulid/tests/recv_window"
Directory: /home/xiurui/sponge/bulid
"t_recv_window" start time: May 24 20:46 CST
Output:
----------------------------------------------------------
<end of output>
Test time =   0.00 sec
----------------------------------------------------------
Test Passed.
"t_recv_window" end time: May 24 20:46 CST
"t_recv_window" time elapsed: 00:00:00
----------------------------------------------------------

8/169 Testing: t_recv_reorder
8/169 Test: t_recv_reorder
Command: "/home/xiurui/sponge/bulid/tests/recv_reorder"
Directory: /home/xiurui/sponge/bulid
"t_recv_reorder" start time: May 24 20:46 CST
Output:
----------------------------------------------------------
<end of output>
Test time =   0.00 sec
----------------------------------------------------------
Test Passed.
"t_recv_reorder" end time: May 24 20:46 CST
"t_recv_reorder" time elapsed: 00:00:00
----------------------------------------------------------

9/169 Testing: t_recv_close
9/169 Test: t_recv_close
Command: "/home/xiurui/sponge/bulid/tests/recv_close"
Directory: /home/xiurui/sponge/bulid
"t_recv_close" start time: May 24 20:46 CST
Output:
----------------------------------------------------------
<end of output>
Test time =   0.01 sec
----------------------------------------------------------
Test Passed.
"t_recv_close" end time: May 24 20:46 CST
"t_recv_close" time elapsed: 00:00:00
----------------------------------------------------------

10/169 Testing: t_recv_special
10/169 Test: t_recv_special
Command: "/home/xiurui/sponge/bulid/tests/recv_special"
Directory: /home/xiurui/sponge/bulid
"t_recv_special" start time: May 24 20:46 CST
Output:
----------------------------------------------------------
<end of output>
Test time =   0.01 sec
----------------------------------------------------------
Test Passed.
"t_recv_special" end time: May 24 20:46 CST
"t_recv_special" time elapsed: 00:00:00
----------------------------------------------------------

11/169 Testing: t_send_connect
11/169 Test: t_send_connect
Command: "/home/xiurui/sponge/bulid/tests/send_connect"
Directory: /home/xiurui/sponge/bulid
"t_send_connect" start time: May 24 20:46 CST
Output:
----------------------------------------------------------
<end of output>
Test time =   0.01 sec
----------------------------------------------------------
Test Passed.
"t_send_connect" end time: May 24 20:46 CST
"t_send_connect" time elapsed: 00:00:00
----------------------------------------------------------

12/169 Testing: t_send_transmit
12/169 Test: t_send_transmit
Command: "/home/xiurui/sponge/bulid/tests/send_transmit"
Directory: /home/xiurui/sponge/bulid
"t_send_transmit" start time: May 24 20:46 CST
Output:
----------------------------------------------------------
<end of output>
Test time =   0.03 sec
----------------------------------------------------------
Test Passed.
"t_send_transmit" end time: May 24 20:46 CST
"t_send_transmit" time elapsed: 00:00:00
----------------------------------------------------------

13/169 Testing: t_send_retx
13/169 Test: t_send_retx
Command: "/home/xiurui/sponge/bulid/tests/send_retx"
Directory: /home/xiurui/sponge/bulid
"t_send_retx" start time: May 24 20:46 CST
Output:
----------------------------------------------------------
<end of output>
Test time =   0.01 sec
----------------------------------------------------------
Test Passed.
"t_send_retx" end time: May 24 20:46 CST
"t_send_retx" time elapsed: 00:00:00
----------------------------------------------------------

14/169 Testing: t_send_window
14/169 Test: t_send_window
Command: "/home/xiurui/sponge/bulid/tests/send_window"
Directory: /home/xiurui/sponge/bulid
"t_send_window" start time: May 24 20:46 CST
Output:
----------------------------------------------------------
<end of output>
Test time =   0.02 sec
----------------------------------------------------------
Test Passed.
"t_send_window" end time: May 24 20:46 CST
"t_send_window" time elapsed: 00:00:00
----------------------------------------------------------

15/169 Testing: t_send_ack
15/169 Test: t_send_ack
Command: "/home/xiurui/sponge/bulid/tests/send_ack"
Directory: /home/xiurui/sponge/bulid
"t_send_ack" start time: May 24 20:46 CST
Output:
----------------------------------------------------------
<end of output>
Test time =   0.01 sec
----------------------------------------------------------
Test Passed.
"t_send_ack" end time: May 24 20:46 CST
"t_send_ack" time elapsed: 00:00:00
----------------------------------------------------------

16/169 Testing: t_send_close
16/169 Test: t_send_close
Command: "/home/xiurui/sponge/bulid/tests/send_close"
Directory: /home/xiurui/sponge/bulid
"t_send_close" start time: May 24 20:46 CST
Output:
----------------------------------------------------------
<end of output>
Test time =   0.01 sec
----------------------------------------------------------
Test Passed.
"t_send_close" end time: May 24 20:46 CST
"t_send_close" time elapsed: 00:00:00
----------------------------------------------------------

17/169 Testing: t_send_extra
17/169 Test: t_send_extra
Command: "/home/xiurui/sponge/bulid/tests/send_extra"
Directory: /home/xiurui/sponge/bulid
"t_send_extra" start time: May 24 20:46 CST
Output:
----------------------------------------------------------
<end of output>
Test time =   0.01 sec
----------------------------------------------------------
Test Passed.
"t_send_extra" end time: May 24 20:46 CST
"t_send_extra" time elapsed: 00:00:00
----------------------------------------------------------

18/169 Testing: t_strm_reassem_single
18/169 Test: t_strm_reassem_single
Command: "/home/xiurui/sponge/bulid/tests/fsm_stream_reassembler_single"
Directory: /home/xiurui/sponge/bulid
"t_strm_reassem_single" start time: May 24 20:46 CST
Output:
----------------------------------------------------------
<end of output>
Test time =   0.00 sec
----------------------------------------------------------
Test Passed.
"t_strm_reassem_single" end time: May 24 20:46 CST
"t_strm_reassem_single" time elapsed: 00:00:00
----------------------------------------------------------

19/169 Testing: t_strm_reassem_seq
19/169 Test: t_strm_reassem_seq
Command: "/home/xiurui/sponge/bulid/tests/fsm_stream_reassembler_seq"
Directory: /home/xiurui/sponge/bulid
"t_strm_reassem_seq" start time: May 24 20:46 CST
Output:
----------------------------------------------------------
<end of output>
Test time =   0.00 sec
----------------------------------------------------------
Test Passed.
"t_strm_reassem_seq" end time: May 24 20:46 CST
"t_strm_reassem_seq" time elapsed: 00:00:00
----------------------------------------------------------

20/169 Testing: t_strm_reassem_dup
20/169 Test: t_strm_reassem_dup
Command: "/home/xiurui/sponge/bulid/tests/fsm_stream_reassembler_dup"
Directory: /home/xiurui/sponge/bulid
"t_strm_reassem_dup" start time: May 24 20:46 CST
Output:
----------------------------------------------------------
<end of output>
Test time =   0.01 sec
----------------------------------------------------------
Test Passed.
"t_strm_reassem_dup" end time: May 24 20:46 CST
"t_strm_reassem_dup" time elapsed: 00:00:00
----------------------------------------------------------

21/169 Testing: t_strm_reassem_holes
21/169 Test: t_strm_reassem_holes
Command: "/home/xiurui/sponge/bulid/tests/fsm_stream_reassembler_holes"
Directory: /home/xiurui/sponge/bulid
"t_strm_reassem_holes" start time: May 24 20:46 CST
Output:
----------------------------------------------------------
<end of output>
Test time =   0.01 sec
----------------------------------------------------------
Test Passed.
"t_strm_reassem_holes" end time: May 24 20:46 CST
"t_strm_reassem_holes" time elapsed: 00:00:00
----------------------------------------------------------

22/169 Testing: t_strm_reassem_many
22/169 Test: t_strm_reassem_many
Command: "/home/xiurui/sponge/bulid/tests/fsm_stream_reassembler_many"
Directory: /home/xiurui/sponge/bulid
"t_strm_reassem_many" start time: May 24 20:46 CST
Output:
----------------------------------------------------------
<end of output>
Test time =   0.09 sec
----------------------------------------------------------
Test Passed.
"t_strm_reassem_many" end time: May 24 20:46 CST
"t_strm_reassem_many" time elapsed: 00:00:00
----------------------------------------------------------

23/169 Testing: t_strm_reassem_overlapping
23/169 Test: t_strm_reassem_overlapping
Command: "/home/xiurui/sponge/bulid/tests/fsm_stream_reassembler_overlapping"
Directory: /home/xiurui/sponge/bulid
"t_strm_reassem_overlapping" start time: May 24 20:46 CST
Output:
----------------------------------------------------------
<end of output>
Test time =   0.01 sec
----------------------------------------------------------
Test Passed.
"t_strm_reassem_overlapping" end time: May 24 20:46 CST
"t_strm_reassem_overlapping" time elapsed: 00:00:00
----------------------------------------------------------

24/169 Testing: t_strm_reassem_win
24/169 Test: t_strm_reassem_win
Command: "/home/xiurui/sponge/bulid/tests/fsm_stream_reassembler_win"
Directory: /home/xiurui/sponge/bulid
"t_strm_reassem_win" start time: May 24 20:46 CST
Output:
----------------------------------------------------------
<end of output>
Test time =   0.10 sec
----------------------------------------------------------
Test Passed.
"t_strm_reassem_win" end time: May 24 20:46 CST
"t_strm_reassem_win" time elapsed: 00:00:00
----------------------------------------------------------

25/169 Testing: t_strm_reassem_cap
25/169 Test: t_strm_reassem_cap
Command: "/home/xiurui/sponge/bulid/tests/fsm_stream_reassembler_cap"
Directory: /home/xiurui/sponge/bulid
"t_strm_reassem_cap" start time: May 24 20:46 CST
Output:
----------------------------------------------------------
<end of output>
Test time =   0.06 sec
----------------------------------------------------------
Test Passed.
"t_strm_reassem_cap" end time: May 24 20:46 CST
"t_strm_reassem_cap" time elapsed: 00:00:00
----------------------------------------------------------

26/169 Testing: t_byte_stream_construction
26/169 Test: t_byte_stream_construction
Command: "/home/xiurui/sponge/bulid/tests/byte_stream_construction"
Directory: /home/xiurui/sponge/bulid
"t_byte_stream_construction" start time: May 24 20:46 CST
Output:
----------------------------------------------------------
<end of output>
Test time =   0.01 sec
----------------------------------------------------------
Test Passed.
"t_byte_stream_construction" end time: May 24 20:46 CST
"t_byte_stream_construction" time elapsed: 00:00:00
----------------------------------------------------------

27/169 Testing: t_byte_stream_one_write
27/169 Test: t_byte_stream_one_write
Command: "/home/xiurui/sponge/bulid/tests/byte_stream_one_write"
Directory: /home/xiurui/sponge/bulid
"t_byte_stream_one_write" start time: May 24 20:46 CST
Output:
----------------------------------------------------------
<end of output>
Test time =   0.00 sec
----------------------------------------------------------
Test Passed.
"t_byte_stream_one_write" end time: May 24 20:46 CST
"t_byte_stream_one_write" time elapsed: 00:00:00
----------------------------------------------------------

28/169 Testing: t_byte_stream_two_writes
28/169 Test: t_byte_stream_two_writes
Command: "/home/xiurui/sponge/bulid/tests/byte_stream_two_writes"
Directory: /home/xiurui/sponge/bulid
"t_byte_stream_two_writes" start time: May 24 20:46 CST
Output:
----------------------------------------------------------
<end of output>
Test time =   0.00 sec
----------------------------------------------------------
Test Passed.
"t_byte_stream_two_writes" end time: May 24 20:46 CST
"t_byte_stream_two_writes" time elapsed: 00:00:00
----------------------------------------------------------

29/169 Testing: t_byte_stream_capacity
29/169 Test: t_byte_stream_capacity
Command: "/home/xiurui/sponge/bulid/tests/byte_stream_capacity"
Directory: /home/xiurui/sponge/bulid
"t_byte_stream_capacity" start time: May 24 20:46 CST
Output:
----------------------------------------------------------
<end of output>
Test time =   0.37 sec
----------------------------------------------------------
Test Passed.
"t_byte_stream_capacity" end time: May 24 20:46 CST
"t_byte_stream_capacity" time elapsed: 00:00:00
----------------------------------------------------------

30/169 Testing: t_byte_stream_many_writes
30/169 Test: t_byte_stream_many_writes
Command: "/home/xiurui/sponge/bulid/tests/byte_stream_many_writes"
Directory: /home/xiurui/sponge/bulid
"t_byte_stream_many_writes" start time: May 24 20:46 CST
Output:
----------------------------------------------------------
<end of output>
Test time =   0.02 sec
----------------------------------------------------------
Test Passed.
"t_byte_stream_many_writes" end time: May 24 20:46 CST
"t_byte_stream_many_writes" time elapsed: 00:00:00
----------------------------------------------------------

31/169 Testing: t_webget
31/169 Test: t_webget
Command: "/home/xiurui/sponge/tests/webget_t.sh"
Directory: /home/xiurui/sponge/bulid
"t_webget" start time: May 24 20:46 CST
Output:
----------------------------------------------------------
DEBUG: Network interface has Ethernet address 5a:a4:ce:ee:5a:b2 and IP address 169.254.10.9
DEBUG: Connecting to 104.196.238.229:80...
Successfully connected to 104.196.238.229:80.
DEBUG: Inbound stream from 104.196.238.229:80 finished cleanly.
DEBUG: Waiting for clean shutdown... HTTP/1.1 200 OK
Content-type: text/plain

7SmXqWkrLKzVBCEalbSPqBcvs11Pw263K7x4Wv3JckI
DEBUG: Outbound stream to 104.196.238.229:80 finished (1 byte still in flight).
DEBUG: Outbound stream to 104.196.238.229:80 has been fully acknowledged.
DEBUG: TCP connection finished cleanly.
done.
<end of output>
Test time =   1.42 sec
----------------------------------------------------------
Test Passed.
"t_webget" end time: May 24 20:46 CST
"t_webget" time elapsed: 00:00:01
----------------------------------------------------------

32/169 Testing: arp_network_interface
32/169 Test: arp_network_interface
Command: "/home/xiurui/sponge/bulid/tests/net_interface"
Directory: /home/xiurui/sponge/bulid
"arp_network_interface" start time: May 24 20:46 CST
Output:
----------------------------------------------------------
DEBUG: Network interface has Ethernet address c2:13:4e:ef:91:a0 and IP address 4.3.2.1
DEBUG: Network interface has Ethernet address 3e:8b:02:7f:ba:25 and IP address 5.5.5.5
DEBUG: Network interface has Ethernet address aa:cc:fe:b0:c1:33 and IP address 5.5.5.5
DEBUG: Network interface has Ethernet address fa:ae:be:c8:5e:e5 and IP address 1.2.3.4
DEBUG: Network interface has Ethernet address da:58:51:6b:f6:7c and IP address 4.3.2.1
DEBUG: Network interface has Ethernet address ae:8e:f1:fe:42:53 and IP address 10.0.0.1
<end of output>
Test time =   0.01 sec
----------------------------------------------------------
Test Passed.
"arp_network_interface" end time: May 24 20:46 CST
"arp_network_interface" time elapsed: 00:00:00
----------------------------------------------------------

33/169 Testing: router_test
33/169 Test: router_test
Command: "/home/xiurui/sponge/bulid/apps/network_simulator"
Directory: /home/xiurui/sponge/bulid
"router_test" start time: May 24 20:46 CST
Output:
----------------------------------------------------------
[32;1mConstructing network.[m
DEBUG: Network interface has Ethernet address 02:00:00:aa:bb:6e and IP address 171.67.76.46
DEBUG: Network interface has Ethernet address 02:00:00:93:c0:60 and IP address 10.0.0.1
DEBUG: Network interface has Ethernet address 02:00:00:2b:da:58 and IP address 172.16.0.1
DEBUG: Network interface has Ethernet address 02:00:00:90:be:e3 and IP address 192.168.0.1
DEBUG: Network interface has Ethernet address 02:00:00:13:83:4f and IP address 198.178.229.1
DEBUG: Network interface has Ethernet address 02:00:00:6b:a7:b1 and IP address 143.195.0.2
DEBUG: Network interface has Ethernet address 02:00:00:b5:27:14 and IP address 128.30.76.255
DEBUG: Network interface has Ethernet address 3e:90:9e:b7:a9:85 and IP address 10.0.0.2
DEBUG: Network interface has Ethernet address 0e:ff:87:7c:45:7d and IP address 171.67.76.1
DEBUG: Network interface has Ethernet address f2:33:e6:af:bc:e7 and IP address 192.168.0.2
DEBUG: Network interface has Ethernet address a2:87:d8:cf:ac:5d and IP address 143.195.0.1
DEBUG: Network interface has Ethernet address 32:f0:50:57:65:6c and IP address 198.178.229.42
DEBUG: Network interface has Ethernet address a6:6f:41:2c:56:f9 and IP address 198.178.229.43
[32;1m

Testing traffic between two ordinary hosts (applesauce to cherrypie)...[m

Host applesauce trying to send datagram (with next hop = 10.0.0.1): IPv4, len=30, protocol=6, src=10.0.0.2, dst=192.168.0.2 payload="random payload: {3428932357}"
Transferring frame from applesauce to router.eth0: dst=ff:ff:ff:ff:ff:ff, src=3e:90:9e:b7:a9:85, type=ARP opcode=REQUEST, sender=3e:90:9e:b7:a9:85/10.0.0.2, target=00:00:00:00:00:00/10.0.0.1
Transferring frame from router.eth0 to applesauce: dst=3e:90:9e:b7:a9:85, src=02:00:00:93:c0:60, type=ARP opcode=REPLY, sender=02:00:00:93:c0:60/10.0.0.1, target=3e:90:9e:b7:a9:85/10.0.0.2
Transferring frame from applesauce to router.eth0: dst=02:00:00:93:c0:60, src=3e:90:9e:b7:a9:85, type=IPv4 IPv4, len=30, protocol=6, src=10.0.0.2, dst=192.168.0.2 payload="random payload: {3428932357}"
Transferring frame from router.eth2 to cherrypie: dst=ff:ff:ff:ff:ff:ff, src=02:00:00:90:be:e3, type=ARP opcode=REQUEST, sender=02:00:00:90:be:e3/192.168.0.1, target=00:00:00:00:00:00/192.168.0.2
Transferring frame from cherrypie to router.eth2: dst=02:00:00:90:be:e3, src=f2:33:e6:af:bc:e7, type=ARP opcode=REPLY, sender=f2:33:e6:af:bc:e7/192.168.0.2, target=02:00:00:90:be:e3/192.168.0.1
Transferring frame from router.eth2 to cherrypie: dst=f2:33:e6:af:bc:e7, src=02:00:00:90:be:e3, type=IPv4 IPv4, len=30, protocol=6, src=10.0.0.2, dst=192.168.0.2 payload="random payload: {3428932357}"
[32;1m

Testing traffic between two ordinary hosts (cherrypie to applesauce)...[m

Host cherrypie trying to send datagram (with next hop = 192.168.0.1): IPv4, len=30, protocol=6, src=192.168.0.2, dst=10.0.0.2 payload="random payload: {3919557576}"
Transferring frame from cherrypie to router.eth2: dst=02:00:00:90:be:e3, src=f2:33:e6:af:bc:e7, type=IPv4 IPv4, len=30, protocol=6, src=192.168.0.2, dst=10.0.0.2 payload="random payload: {3919557576}"
Transferring frame from router.eth0 to applesauce: dst=3e:90:9e:b7:a9:85, src=02:00:00:93:c0:60, type=IPv4 IPv4, len=30, protocol=6, src=192.168.0.2, dst=10.0.0.2 payload="random payload: {3919557576}"
[32;1m

Success! Testing applesauce sending to the Internet.[m

Host applesauce trying to send datagram (with next hop = 10.0.0.1): IPv4, len=30, protocol=6, src=10.0.0.2, dst=1.2.3.4 payload="random payload: {1941014930}"
Transferring frame from applesauce to router.eth0: dst=02:00:00:93:c0:60, src=3e:90:9e:b7:a9:85, type=IPv4 IPv4, len=30, protocol=6, src=10.0.0.2, dst=1.2.3.4 payload="random payload: {1941014930}"
Transferring frame from router.default to default_router: dst=ff:ff:ff:ff:ff:ff, src=02:00:00:aa:bb:6e, type=ARP opcode=REQUEST, sender=02:00:00:aa:bb:6e/171.67.76.46, target=00:00:00:00:00:00/171.67.76.1
Transferring frame from default_router to router.default: dst=02:00:00:aa:bb:6e, src=0e:ff:87:7c:45:7d, type=ARP opcode=REPLY, sender=0e:ff:87:7c:45:7d/171.67.76.1, target=02:00:00:aa:bb:6e/171.67.76.46
Transferring frame from router.default to default_router: dst=0e:ff:87:7c:45:7d, src=02:00:00:aa:bb:6e, type=IPv4 IPv4, len=30, protocol=6, src=10.0.0.2, dst=1.2.3.4 payload="random payload: {1941014930}"
[32;1m

Success! Testing sending to the HS network and Internet.[m

Host applesauce trying to send datagram (with next hop = 10.0.0.1): IPv4, len=30, protocol=6, src=10.0.0.2, dst=143.195.131.17 payload="random payload: {3132785714}"
Transferring frame from applesauce to router.eth0: dst=02:00:00:93:c0:60, src=3e:90:9e:b7:a9:85, type=IPv4 IPv4, len=30, protocol=6, src=10.0.0.2, dst=143.195.131.17 payload="random payload: {3132785714}"
Transferring frame from router.hs4 to hs_router: dst=ff:ff:ff:ff:ff:ff, src=02:00:00:6b:a7:b1, type=ARP opcode=REQUEST, sender=02:00:00:6b:a7:b1/143.195.0.2, target=00:00:00:00:00:00/143.195.0.1
Transferring frame from hs_router to router.hs4: dst=02:00:00:6b:a7:b1, src=a2:87:d8:cf:ac:5d, type=ARP opcode=REPLY, sender=a2:87:d8:cf:ac:5d/143.195.0.1, target=02:00:00:6b:a7:b1/143.195.0.2
Transferring frame from router.hs4 to hs_router: dst=a2:87:d8:cf:ac:5d, src=02:00:00:6b:a7:b1, type=IPv4 IPv4, len=30, protocol=6, src=10.0.0.2, dst=143.195.131.17 payload="random payload: {3132785714}"
Host cherrypie trying to send datagram (with next hop = 192.168.0.1): IPv4, len=2f, protocol=6, src=192.168.0.2, dst=143.195.193.52 payload="random payload: {414692363}"
Transferring frame from cherrypie to router.eth2: dst=02:00:00:90:be:e3, src=f2:33:e6:af:bc:e7, type=IPv4 IPv4, len=2f, protocol=6, src=192.168.0.2, dst=143.195.193.52 payload="random payload: {414692363}"
Transferring frame from router.hs4 to hs_router: dst=a2:87:d8:cf:ac:5d, src=02:00:00:6b:a7:b1, type=IPv4 IPv4, len=2f, protocol=6, src=192.168.0.2, dst=143.195.193.52 payload="random payload: {414692363}"
Host cherrypie trying to send datagram (with next hop = 192.168.0.1): IPv4, len=30, protocol=6, src=192.168.0.2, dst=143.195.223.255 payload="random payload: {1595287688}"
Transferring frame from cherrypie to router.eth2: dst=02:00:00:90:be:e3, src=f2:33:e6:af:bc:e7, type=IPv4 IPv4, len=30, protocol=6, src=192.168.0.2, dst=143.195.223.255 payload="random payload: {1595287688}"
Transferring frame from router.hs4 to hs_router: dst=a2:87:d8:cf:ac:5d, src=02:00:00:6b:a7:b1, type=IPv4 IPv4, len=30, protocol=6, src=192.168.0.2, dst=143.195.223.255 payload="random payload: {1595287688}"
Host cherrypie trying to send datagram (with next hop = 192.168.0.1): IPv4, len=2f, protocol=6, src=192.168.0.2, dst=143.195.224.0 payload="random payload: {616981204}"
Transferring frame from cherrypie to router.eth2: dst=02:00:00:90:be:e3, src=f2:33:e6:af:bc:e7, type=IPv4 IPv4, len=2f, protocol=6, src=192.168.0.2, dst=143.195.224.0 payload="random payload: {616981204}"
Transferring frame from router.default to default_router: dst=0e:ff:87:7c:45:7d, src=02:00:00:aa:bb:6e, type=IPv4 IPv4, len=2f, protocol=6, src=192.168.0.2, dst=143.195.224.0 payload="random payload: {616981204}"
[32;1m

Success! Testing two hosts on the same network (dm42 to dm43)...[m

Host dm42 trying to send datagram (with next hop = 198.178.229.1): IPv4, len=30, protocol=6, src=198.178.229.42, dst=198.178.229.43 payload="random payload: {1464259158}"
Transferring frame from dm42 to router.uun3: dst=ff:ff:ff:ff:ff:ff, src=32:f0:50:57:65:6c, type=ARP opcode=REQUEST, sender=32:f0:50:57:65:6c/198.178.229.42, target=00:00:00:00:00:00/198.178.229.1
Transferring frame from dm42 to dm43: dst=ff:ff:ff:ff:ff:ff, src=32:f0:50:57:65:6c, type=ARP opcode=REQUEST, sender=32:f0:50:57:65:6c/198.178.229.42, target=00:00:00:00:00:00/198.178.229.1
Transferring frame from router.uun3 to dm42: dst=32:f0:50:57:65:6c, src=02:00:00:13:83:4f, type=ARP opcode=REPLY, sender=02:00:00:13:83:4f/198.178.229.1, target=32:f0:50:57:65:6c/198.178.229.42
Transferring frame from router.uun3 to dm43: dst=32:f0:50:57:65:6c, src=02:00:00:13:83:4f, type=ARP opcode=REPLY, sender=02:00:00:13:83:4f/198.178.229.1, target=32:f0:50:57:65:6c/198.178.229.42
Transferring frame from dm42 to router.uun3: dst=02:00:00:13:83:4f, src=32:f0:50:57:65:6c, type=IPv4 IPv4, len=30, protocol=6, src=198.178.229.42, dst=198.178.229.43 payload="random payload: {1464259158}"
Transferring frame from dm42 to dm43: dst=02:00:00:13:83:4f, src=32:f0:50:57:65:6c, type=IPv4 IPv4, len=30, protocol=6, src=198.178.229.42, dst=198.178.229.43 payload="random payload: {1464259158}"
Transferring frame from router.uun3 to dm42: dst=ff:ff:ff:ff:ff:ff, src=02:00:00:13:83:4f, type=ARP opcode=REQUEST, sender=02:00:00:13:83:4f/198.178.229.1, target=00:00:00:00:00:00/198.178.229.43
Transferring frame from router.uun3 to dm43: dst=ff:ff:ff:ff:ff:ff, src=02:00:00:13:83:4f, type=ARP opcode=REQUEST, sender=02:00:00:13:83:4f/198.178.229.1, target=00:00:00:00:00:00/198.178.229.43
Transferring frame from dm43 to router.uun3: dst=02:00:00:13:83:4f, src=a6:6f:41:2c:56:f9, type=ARP opcode=REPLY, sender=a6:6f:41:2c:56:f9/198.178.229.43, target=02:00:00:13:83:4f/198.178.229.1
Transferring frame from dm43 to dm42: dst=02:00:00:13:83:4f, src=a6:6f:41:2c:56:f9, type=ARP opcode=REPLY, sender=a6:6f:41:2c:56:f9/198.178.229.43, target=02:00:00:13:83:4f/198.178.229.1
Transferring frame from router.uun3 to dm42: dst=a6:6f:41:2c:56:f9, src=02:00:00:13:83:4f, type=IPv4 IPv4, len=30, protocol=6, src=198.178.229.42, dst=198.178.229.43 payload="random payload: {1464259158}"
Transferring frame from router.uun3 to dm43: dst=a6:6f:41:2c:56:f9, src=02:00:00:13:83:4f, type=IPv4 IPv4, len=30, protocol=6, src=198.178.229.42, dst=198.178.229.43 payload="random payload: {1464259158}"
[32;1m

Success! Testing TTL expiration...[m

Host applesauce trying to send datagram (with next hop = 10.0.0.1): IPv4, len=2f, protocol=6, ttl=1, src=10.0.0.2, dst=1.2.3.4 payload="random payload: {557424450}"
Transferring frame from applesauce to router.eth0: dst=02:00:00:93:c0:60, src=3e:90:9e:b7:a9:85, type=IPv4 IPv4, len=2f, protocol=6, ttl=1, src=10.0.0.2, dst=1.2.3.4 payload="random payload: {557424450}"
Host applesauce trying to send datagram (with next hop = 10.0.0.1): IPv4, len=30, protocol=6, ttl=0, src=10.0.0.2, dst=1.2.3.4 payload="random payload: {3626110703}"
Transferring frame from applesauce to router.eth0: dst=02:00:00:93:c0:60, src=3e:90:9e:b7:a9:85, type=IPv4 IPv4, len=30, protocol=6, ttl=0, src=10.0.0.2, dst=1.2.3.4 payload="random payload: {3626110703}"


[32;1mCongratulations! All datagrams were routed successfully.[m
<end of output>
Test time =   0.01 sec
----------------------------------------------------------
Test Passed.
"router_test" end time: May 24 20:46 CST
"router_test" time elapsed: 00:00:00
----------------------------------------------------------

34/169 Testing: t_tcp_parser
34/169 Test: t_tcp_parser
Command: "/home/xiurui/sponge/bulid/tests/tcp_parser" "/home/xiurui/sponge/tests/ipv4_parser.data"
Directory: /home/xiurui/sponge/bulid
"t_tcp_parser" start time: May 24 20:46 CST
Output:
----------------------------------------------------------
<end of output>
Test time =   0.01 sec
----------------------------------------------------------
Test Passed.
"t_tcp_parser" end time: May 24 20:46 CST
"t_tcp_parser" time elapsed: 00:00:00
----------------------------------------------------------

35/169 Testing: t_ipv4_parser
35/169 Test: t_ipv4_parser
Command: "/home/xiurui/sponge/bulid/tests/ipv4_parser" "/home/xiurui/sponge/tests/ipv4_parser.data"
Directory: /home/xiurui/sponge/bulid
"t_ipv4_parser" start time: May 24 20:46 CST
Output:
----------------------------------------------------------
<end of output>
Test time =   0.01 sec
----------------------------------------------------------
Test Passed.
"t_ipv4_parser" end time: May 24 20:46 CST
"t_ipv4_parser" time elapsed: 00:00:00
----------------------------------------------------------

36/169 Testing: t_active_close
36/169 Test: t_active_close
Command: "/home/xiurui/sponge/bulid/tests/fsm_active_close"
Directory: /home/xiurui/sponge/bulid
"t_active_close" start time: May 24 20:46 CST
Output:
----------------------------------------------------------
<end of output>
Test time =   0.01 sec
----------------------------------------------------------
Test Passed.
"t_active_close" end time: May 24 20:46 CST
"t_active_close" time elapsed: 00:00:00
----------------------------------------------------------

37/169 Testing: t_passive_close
37/169 Test: t_passive_close
Command: "/home/xiurui/sponge/bulid/tests/fsm_passive_close"
Directory: /home/xiurui/sponge/bulid
"t_passive_close" start time: May 24 20:46 CST
Output:
----------------------------------------------------------
<end of output>
Test time =   0.00 sec
----------------------------------------------------------
Test Passed.
"t_passive_close" end time: May 24 20:46 CST
"t_passive_close" time elapsed: 00:00:00
----------------------------------------------------------

39/169 Testing: t_ack_rst
39/169 Test: t_ack_rst
Command: "/home/xiurui/sponge/bulid/tests/fsm_ack_rst_relaxed"
Directory: /home/xiurui/sponge/bulid
"t_ack_rst" start time: May 24 20:46 CST
Output:
----------------------------------------------------------
Test 1
Test 2
Test 3
Warning: Unclean shutdown of TCPConnection
Warning: Unclean shutdown of TCPConnection
Warning: Unclean shutdown of TCPConnection
Warning: Unclean shutdown of TCPConnection
Warning: Unclean shutdown of TCPConnection
Warning: Unclean shutdown of TCPConnection
Warning: Unclean shutdown of TCPConnection
Warning: Unclean shutdown of TCPConnection
Warning: Unclean shutdown of TCPConnection
Test 4
Test 5
Warning: Unclean shutdown of TCPConnection
Warning: Unclean shutdown of TCPConnection
<end of output>
Test time =   0.00 sec
----------------------------------------------------------
Test Passed.
"t_ack_rst" end time: May 24 20:46 CST
"t_ack_rst" time elapsed: 00:00:00
----------------------------------------------------------

41/169 Testing: t_ack_rst_win
41/169 Test: t_ack_rst_win
Command: "/home/xiurui/sponge/bulid/tests/fsm_ack_rst_win_relaxed"
Directory: /home/xiurui/sponge/bulid
"t_ack_rst_win" start time: May 24 20:46 CST
Output:
----------------------------------------------------------
<end of output>
Test time =   0.01 sec
----------------------------------------------------------
Test Passed.
"t_ack_rst_win" end time: May 24 20:46 CST
"t_ack_rst_win" time elapsed: 00:00:00
----------------------------------------------------------

43/169 Testing: t_connect
43/169 Test: t_connect
Command: "/home/xiurui/sponge/bulid/tests/fsm_connect_relaxed"
Directory: /home/xiurui/sponge/bulid
"t_connect" start time: May 24 20:46 CST
Output:
----------------------------------------------------------
Warning: Unclean shutdown of TCPConnection
Warning: Unclean shutdown of TCPConnection
Warning: Unclean shutdown of TCPConnection
<end of output>
Test time =   0.00 sec
----------------------------------------------------------
Test Passed.
"t_connect" end time: May 24 20:46 CST
"t_connect" time elapsed: 00:00:00
----------------------------------------------------------

45/169 Testing: t_listen
45/169 Test: t_listen
Command: "/home/xiurui/sponge/bulid/tests/fsm_listen_relaxed"
Directory: /home/xiurui/sponge/bulid
"t_listen" start time: May 24 20:46 CST
Output:
----------------------------------------------------------
Warning: Unclean shutdown of TCPConnection
<end of output>
Test time =   0.00 sec
----------------------------------------------------------
Test Passed.
"t_listen" end time: May 24 20:46 CST
"t_listen" time elapsed: 00:00:00
----------------------------------------------------------

46/169 Testing: t_winsize
46/169 Test: t_winsize
Command: "/home/xiurui/sponge/bulid/tests/fsm_winsize"
Directory: /home/xiurui/sponge/bulid
"t_winsize" start time: May 24 20:46 CST
Output:
----------------------------------------------------------
Warning: Unclean shutdown of TCPConnection
Warning: Unclean shutdown of TCPConnection
Warning: Unclean shutdown of TCPConnection
Warning: Unclean shutdown of TCPConnection
Warning: Unclean shutdown of TCPConnection
Warning: Unclean shutdown of TCPConnection
Warning: Unclean shutdown of TCPConnection
Warning: Unclean shutdown of TCPConnection
Warning: Unclean shutdown of TCPConnection
Warning: Unclean shutdown of TCPConnection
Warning: Unclean shutdown of TCPConnection
Warning: Unclean shutdown of TCPConnection
Warning: Unclean shutdown of TCPConnection
Warning: Unclean shutdown of TCPConnection
Warning: Unclean shutdown of TCPConnection
Warning: Unclean shutdown of TCPConnection
Warning: Unclean shutdown of TCPConnection
Warning: Unclean shutdown of TCPConnection
Warning: Unclean shutdown of TCPConnection
Warning: Unclean shutdown of TCPConnection
Warning: Unclean shutdown of TCPConnection
Warning: Unclean shutdown of TCPConnection
Warning: Unclean shutdown of TCPConnection
Warning: Unclean shutdown of TCPConnection
Warning: Unclean shutdown of TCPConnection
Warning: Unclean shutdown of TCPConnection
Warning: Unclean shutdown of TCPConnection
Warning: Unclean shutdown of TCPConnection
Warning: Unclean shutdown of TCPConnection
Warning: Unclean shutdown of TCPConnection
Warning: Unclean shutdown of TCPConnection
Warning: Unclean shutdown of TCPConnection
<end of output>
Test time =   0.06 sec
----------------------------------------------------------
Test Passed.
"t_winsize" end time: May 24 20:46 CST
"t_winsize" time elapsed: 00:00:00
----------------------------------------------------------

48/169 Testing: t_retx
48/169 Test: t_retx
Command: "/home/xiurui/sponge/bulid/tests/fsm_retx_relaxed"
Directory: /home/xiurui/sponge/bulid
"t_retx" start time: May 24 20:46 CST
Output:
----------------------------------------------------------
  check_segment
  check_segment
  check_segment
  check_segment
  check_segment
  check_segment
  check_segment
  check_segment
  check_segment
<end of output>
Test time =   0.01 sec
----------------------------------------------------------
Test Passed.
"t_retx" end time: May 24 20:46 CST
"t_retx" time elapsed: 00:00:00
----------------------------------------------------------

49/169 Testing: t_retx_win
49/169 Test: t_retx_win
Command: "/home/xiurui/sponge/bulid/tests/fsm_retx_win"
Directory: /home/xiurui/sponge/bulid
"t_retx_win" start time: May 24 20:46 CST
Output:
----------------------------------------------------------
  check_segment
  check_segment
  check_segment
  check_segment
Warning: Unclean shutdown of TCPConnection
  check_segment
  check_segment
  check_segment
  check_segment
Warning: Unclean shutdown of TCPConnection
  check_segment
  check_segment
  check_segment
  check_segment
Warning: Unclean shutdown of TCPConnection
  check_segment
  check_segment
  check_segment
  check_segment
Warning: Unclean shutdown of TCPConnection
  check_segment
  check_segment
  check_segment
  check_segment
  check_segment
Warning: Unclean shutdown of TCPConnection
  check_segment
  check_segment
  check_segment
  check_segment
  check_segment
  check_segment
Warning: Unclean shutdown of TCPConnection
  check_segment
  check_segment
  check_segment
  check_segment
  check_segment
  check_segment
  check_segment
Warning: Unclean shutdown of TCPConnection
  check_segment
  check_segment
  check_segment
  check_segment
  check_segment
  check_segment
  check_segment
  check_segment
Warning: Unclean shutdown of TCPConnection
  check_segment
  check_segment
  check_segment
  check_segment
  check_segment
  check_segment
  check_segment
  check_segment
  check_segment
Warning: Unclean shutdown of TCPConnection
  check_segment
  check_segment
  check_segment
  check_segment
  check_segment
  check_segment
  check_segment
  check_segment
  check_segment
  check_segment
Warning: Unclean shutdown of TCPConnection
<end of output>
Test time =   0.01 sec
----------------------------------------------------------
Test Passed.
"t_retx_win" end time: May 24 20:46 CST
"t_retx_win" time elapsed: 00:00:00
----------------------------------------------------------

50/169 Testing: t_loopback
50/169 Test: t_loopback
Command: "/home/xiurui/sponge/bulid/tests/fsm_loopback"
Directory: /home/xiurui/sponge/bulid
"t_loopback" start time: May 24 20:46 CST
Output:
----------------------------------------------------------
Warning: Unclean shutdown of TCPConnection
Warning: Unclean shutdown of TCPConnection
Warning: Unclean shutdown of TCPConnection
Warning: Unclean shutdown of TCPConnection
Warning: Unclean shutdown of TCPConnection
Warning: Unclean shutdown of TCPConnection
Warning: Unclean shutdown of TCPConnection
Warning: Unclean shutdown of TCPConnection
Warning: Unclean shutdown of TCPConnection
Warning: Unclean shutdown of TCPConnection
Warning: Unclean shutdown of TCPConnection
Warning: Unclean shutdown of TCPConnection
Warning: Unclean shutdown of TCPConnection
Warning: Unclean shutdown of TCPConnection
Warning: Unclean shutdown of TCPConnection
Warning: Unclean shutdown of TCPConnection
Warning: Unclean shutdown of TCPConnection
Warning: Unclean shutdown of TCPConnection
Warning: Unclean shutdown of TCPConnection
Warning: Unclean shutdown of TCPConnection
Warning: Unclean shutdown of TCPConnection
Warning: Unclean shutdown of TCPConnection
Warning: Unclean shutdown of TCPConnection
Warning: Unclean shutdown of TCPConnection
Warning: Unclean shutdown of TCPConnection
Warning: Unclean shutdown of TCPConnection
Warning: Unclean shutdown of TCPConnection
Warning: Unclean shutdown of TCPConnection
Warning: Unclean shutdown of TCPConnection
Warning: Unclean shutdown of TCPConnection
Warning: Unclean shutdown of TCPConnection
Warning: Unclean shutdown of TCPConnection
Warning: Unclean shutdown of TCPConnection
Warning: Unclean shutdown of TCPConnection
Warning: Unclean shutdown of TCPConnection
Warning: Unclean shutdown of TCPConnection
Warning: Unclean shutdown of TCPConnection
Warning: Unclean shutdown of TCPConnection
Warning: Unclean shutdown of TCPConnection
Warning: Unclean shutdown of TCPConnection
Warning: Unclean shutdown of TCPConnection
Warning: Unclean shutdown of TCPConnection
Warning: Unclean shutdown of TCPConnection
Warning: Unclean shutdown of TCPConnection
Warning: Unclean shutdown of TCPConnection
Warning: Unclean shutdown of TCPConnection
Warning: Unclean shutdown of TCPConnection
Warning: Unclean shutdown of TCPConnection
Warning: Unclean shutdown of TCPConnection
Warning: Unclean shutdown of TCPConnection
Warning: Unclean shutdown of TCPConnection
Warning: Unclean shutdown of TCPConnection
Warning: Unclean shutdown of TCPConnection
Warning: Unclean shutdown of TCPConnection
Warning: Unclean shutdown of TCPConnection
Warning: Unclean shutdown of TCPConnection
Warning: Unclean shutdown of TCPConnection
Warning: Unclean shutdown of TCPConnection
Warning: Unclean shutdown of TCPConnection
Warning: Unclean shutdown of TCPConnection
Warning: Unclean shutdown of TCPConnection
Warning: Unclean shutdown of TCPConnection
Warning: Unclean shutdown of TCPConnection
Warning: Unclean shutdown of TCPConnection
<end of output>
Test time =   0.22 sec
----------------------------------------------------------
Test Passed.
"t_loopback" end time: May 24 20:46 CST
"t_loopback" time elapsed: 00:00:00
----------------------------------------------------------

51/169 Testing: t_loopback_win
51/169 Test: t_loopback_win
Command: "/home/xiurui/sponge/bulid/tests/fsm_loopback_win"
Directory: /home/xiurui/sponge/bulid
"t_loopback_win" start time: May 24 20:46 CST
Output:
----------------------------------------------------------
Warning: Unclean shutdown of TCPConnection
Warning: Unclean shutdown of TCPConnection
Warning: Unclean shutdown of TCPConnection
Warning: Unclean shutdown of TCPConnection
Warning: Unclean shutdown of TCPConnection
Warning: Unclean shutdown of TCPConnection
Warning: Unclean shutdown of TCPConnection
Warning: Unclean shutdown of TCPConnection
Warning: Unclean shutdown of TCPConnection
Warning: Unclean shutdown of TCPConnection
Warning: Unclean shutdown of TCPConnection
Warning: Unclean shutdown of TCPConnection
Warning: Unclean shutdown of TCPConnection
Warning: Unclean shutdown of TCPConnection
Warning: Unclean shutdown of TCPConnection
Warning: Unclean shutdown of TCPConnection
Warning: Unclean shutdown of TCPConnection
Warning: Unclean shutdown of TCPConnection
Warning: Unclean shutdown of TCPConnection
Warning: Unclean shutdown of TCPConnection
Warning: Unclean shutdown of TCPConnection
Warning: Unclean shutdown of TCPConnection
Warning: Unclean shutdown of TCPConnection
Warning: Unclean shutdown of TCPConnection
Warning: Unclean shutdown of TCPConnection
Warning: Unclean shutdown of TCPConnection
Warning: Unclean shutdown of TCPConnection
Warning: Unclean shutdown of TCPConnection
Warning: Unclean shutdown of TCPConnection
Warning: Unclean shutdown of TCPConnection
Warning: Unclean shutdown of TCPConnection
Warning: Unclean shutdown of TCPConnection
<end of output>
Test time =   0.15 sec
----------------------------------------------------------
Test Passed.
"t_loopback_win" end time: May 24 20:46 CST
"t_loopback_win" time elapsed: 00:00:00
----------------------------------------------------------

52/169 Testing: t_reorder
52/169 Test: t_reorder
Command: "/home/xiurui/sponge/bulid/tests/fsm_reorder"
Directory: /home/xiurui/sponge/bulid
"t_reorder" start time: May 24 20:46 CST
Output:
----------------------------------------------------------
Warning: Unclean shutdown of TCPConnection
Warning: Unclean shutdown of TCPConnection
Warning: Unclean shutdown of TCPConnection
Warning: Unclean shutdown of TCPConnection
Warning: Unclean shutdown of TCPConnection
Warning: Unclean shutdown of TCPConnection
Warning: Unclean shutdown of TCPConnection
Warning: Unclean shutdown of TCPConnection
Warning: Unclean shutdown of TCPConnection
Warning: Unclean shutdown of TCPConnection
Warning: Unclean shutdown of TCPConnection
Warning: Unclean shutdown of TCPConnection
Warning: Unclean shutdown of TCPConnection
Warning: Unclean shutdown of TCPConnection
Warning: Unclean shutdown of TCPConnection
Warning: Unclean shutdown of TCPConnection
Warning: Unclean shutdown of TCPConnection
Warning: Unclean shutdown of TCPConnection
Warning: Unclean shutdown of TCPConnection
Warning: Unclean shutdown of TCPConnection
Warning: Unclean shutdown of TCPConnection
Warning: Unclean shutdown of TCPConnection
Warning: Unclean shutdown of TCPConnection
Warning: Unclean shutdown of TCPConnection
Warning: Unclean shutdown of TCPConnection
Warning: Unclean shutdown of TCPConnection
Warning: Unclean shutdown of TCPConnection
Warning: Unclean shutdown of TCPConnection
Warning: Unclean shutdown of TCPConnection
Warning: Unclean shutdown of TCPConnection
Warning: Unclean shutdown of TCPConnection
Warning: Unclean shutdown of TCPConnection
Warning: Unclean shutdown of TCPConnection
Warning: Unclean shutdown of TCPConnection
Warning: Unclean shutdown of TCPConnection
Warning: Unclean shutdown of TCPConnection
Warning: Unclean shutdown of TCPConnection
Warning: Unclean shutdown of TCPConnection
Warning: Unclean shutdown of TCPConnection
Warning: Unclean shutdown of TCPConnection
Warning: Unclean shutdown of TCPConnection
Warning: Unclean shutdown of TCPConnection
Warning: Unclean shutdown of TCPConnection
Warning: Unclean shutdown of TCPConnection
Warning: Unclean shutdown of TCPConnection
Warning: Unclean shutdown of TCPConnection
Warning: Unclean shutdown of TCPConnection
Warning: Unclean shutdown of TCPConnection
Warning: Unclean shutdown of TCPConnection
Warning: Unclean shutdown of TCPConnection
Warning: Unclean shutdown of TCPConnection
Warning: Unclean shutdown of TCPConnection
Warning: Unclean shutdown of TCPConnection
Warning: Unclean shutdown of TCPConnection
Warning: Unclean shutdown of TCPConnection
Warning: Unclean shutdown of TCPConnection
Warning: Unclean shutdown of TCPConnection
Warning: Unclean shutdown of TCPConnection
Warning: Unclean shutdown of TCPConnection
Warning: Unclean shutdown of TCPConnection
Warning: Unclean shutdown of TCPConnection
Warning: Unclean shutdown of TCPConnection
Warning: Unclean shutdown of TCPConnection
Warning: Unclean shutdown of TCPConnection
<end of output>
Test time =   0.20 sec
----------------------------------------------------------
Test Passed.
"t_reorder" end time: May 24 20:46 CST
"t_reorder" time elapsed: 00:00:00
----------------------------------------------------------

53/169 Testing: t_address_dt
53/169 Test: t_address_dt
Command: "/home/xiurui/sponge/bulid/doctests/address_dt"
Directory: /home/xiurui/sponge/bulid
"t_address_dt" start time: May 24 20:46 CST
Output:
----------------------------------------------------------
<end of output>
Test time =   0.01 sec
----------------------------------------------------------
Test Passed.
"t_address_dt" end time: May 24 20:46 CST
"t_address_dt" time elapsed: 00:00:00
----------------------------------------------------------

54/169 Testing: t_parser_dt
54/169 Test: t_parser_dt
Command: "/home/xiurui/sponge/bulid/doctests/parser_dt"
Directory: /home/xiurui/sponge/bulid
"t_parser_dt" start time: May 24 20:46 CST
Output:
----------------------------------------------------------
<end of output>
Test time =   0.00 sec
----------------------------------------------------------
Test Passed.
"t_parser_dt" end time: May 24 20:46 CST
"t_parser_dt" time elapsed: 00:00:00
----------------------------------------------------------

55/169 Testing: t_socket_dt
55/169 Test: t_socket_dt
Command: "/home/xiurui/sponge/bulid/doctests/socket_dt"
Directory: /home/xiurui/sponge/bulid
"t_socket_dt" start time: May 24 20:46 CST
Output:
----------------------------------------------------------
<end of output>
Test time =   0.01 sec
----------------------------------------------------------
Test Passed.
"t_socket_dt" end time: May 24 20:46 CST
"t_socket_dt" time elapsed: 00:00:00
----------------------------------------------------------

56/169 Testing: t_udp_client_send
56/169 Test: t_udp_client_send
Command: "/home/xiurui/sponge/txrx.sh" "-ucS"
Directory: /home/xiurui/sponge/bulid
"t_udp_client_send" start time: May 24 20:46 CST
Output:
----------------------------------------------------------
DEBUG: Listening for incoming connection...
DEBUG: Connecting to 169.254.144.1:27370...
Successfully connected to 169.254.144.1:27370.
New connection from 169.254.144.1:38990.
DEBUG: Outbound stream to DEBUG: Outbound stream to 169.254.144.1:27370 finished (169.254.144.1:38990 finished (33 bytes1 still in flight).
 byte still in flight).
DEBUG: Inbound stream from 169.254.144.1:27370DEBUG: Inbound stream from  finished cleanly.
169.254.144.1:38990 finished cleanly.
DEBUG: Outbound stream to DEBUG: Outbound stream to 169.254.144.1:27370169.254.144.1:38990 has been fully acknowledged.
 has been fully acknowledged.
DEBUG: Waiting for clean shutdown... DEBUG: Waiting for clean shutdown... DEBUG: TCP connection finished cleanly.
done.
DEBUG: TCP connection finished cleanly.
done.
<end of output>
Test time =   0.28 sec
----------------------------------------------------------
Test Passed.
"t_udp_client_send" end time: May 24 20:46 CST
"t_udp_client_send" time elapsed: 00:00:00
----------------------------------------------------------

57/169 Testing: t_udp_server_send
57/169 Test: t_udp_server_send
Command: "/home/xiurui/sponge/txrx.sh" "-usS"
Directory: /home/xiurui/sponge/bulid
"t_udp_server_send" start time: May 24 20:46 CST
Output:
----------------------------------------------------------
DEBUG: Listening for incoming connection...
DEBUG: Connecting to 169.254.144.1:14173...
Successfully connected to 169.254.144.1:14173.
New connection from 169.254.144.1:55075.
DEBUG: Outbound stream to 169.254.144.1:14173 finished (1 byte still in flight).
DEBUG: Outbound stream to 169.254.144.1:55075 finished (33 bytes still in flight).
DEBUG: Inbound stream from 169.254.144.1:55075 finished cleanly.
DEBUG: Waiting for clean shutdown... DEBUG: Outbound stream to 169.254.144.1:14173 has been fully acknowledged.
DEBUG: Inbound stream from 169.254.144.1:14173 finished cleanly.
DEBUG: Waiting for lingering segments (e.g. retransmissions of FIN) from peer...
DEBUG: Outbound stream to 169.254.144.1:55075 has been fully acknowledged.
DEBUG: TCP connection finished cleanly.
done.
DEBUG: Waiting for clean shutdown... DEBUG: TCP connection finished cleanly.
done.
<end of output>
Test time =   0.25 sec
----------------------------------------------------------
Test Passed.
"t_udp_server_send" end time: May 24 20:46 CST
"t_udp_server_send" time elapsed: 00:00:00
----------------------------------------------------------

58/169 Testing: t_udp_client_recv
58/169 Test: t_udp_client_recv
Command: "/home/xiurui/sponge/txrx.sh" "-ucR"
Directory: /home/xiurui/sponge/bulid
"t_udp_client_recv" start time: May 24 20:46 CST
Output:
----------------------------------------------------------
DEBUG: Listening for incoming connection...
DEBUG: Connecting to 169.254.144.1:4090...
Successfully connected to 169.254.144.1:4090.
New connection from 169.254.144.1:40607.
DEBUG: Outbound stream to 169.254.144.1:4090 finished (1 byte still in flight).
DEBUG: Inbound stream from 169.254.144.1:40607 finished cleanly.
DEBUG: Outbound stream to 169.254.144.1:4090 has been fully acknowledged.
DEBUG: Outbound stream to 169.254.144.1:40607 finished (33 bytes still in flight).
DEBUG: Waiting for clean shutdown... DEBUG: Inbound stream from 169.254.144.1:4090 finished cleanly.
DEBUG: Waiting for lingering segments (e.g. retransmissions of FIN) from peer...
DEBUG: Outbound stream to 169.254.144.1:40607 has been fully acknowledged.
DEBUG: TCP connection finished cleanly.
DEBUG: Waiting for clean shutdown... done.
DEBUG: TCP connection finished cleanly.
done.
<end of output>
Test time =   0.25 sec
----------------------------------------------------------
Test Passed.
"t_udp_client_recv" end time: May 24 20:46 CST
"t_udp_client_recv" time elapsed: 00:00:00
----------------------------------------------------------

59/169 Testing: t_udp_server_recv
59/169 Test: t_udp_server_recv
Command: "/home/xiurui/sponge/txrx.sh" "-usR"
Directory: /home/xiurui/sponge/bulid
"t_udp_server_recv" start time: May 24 20:46 CST
Output:
----------------------------------------------------------
DEBUG: Listening for incoming connection...
DEBUG: Connecting to 169.254.144.1:10493...
Successfully connected to 169.254.144.1:10493.
New connection from 169.254.144.1:35836.
DEBUG: Outbound stream to 169.254.144.1:10493 finished (33 bytes still in flight).
DEBUG: Inbound stream from 169.254.144.1:35836 finished cleanly.
DEBUG: Outbound stream to 169.254.144.1:10493 has been fully acknowledged.
DEBUG: Outbound stream to 169.254.144.1:35836 finished (1 byte still in flight).
DEBUG: Inbound stream from 169.254.144.1:10493 finished cleanly.
DEBUG: Waiting for lingering segments (e.g. retransmissions of FIN) from peer...
DEBUG: Outbound stream to 169.254.144.1:35836 has been fully acknowledged.
DEBUG: Waiting for clean shutdown... DEBUG: Waiting for clean shutdown... DEBUG: TCP connection finished cleanly.
DEBUG: TCP connection finished cleanly.
done.
done.
<end of output>
Test time =   0.25 sec
----------------------------------------------------------
Test Passed.
"t_udp_server_recv" end time: May 24 20:46 CST
"t_udp_server_recv" time elapsed: 00:00:00
----------------------------------------------------------

60/169 Testing: t_udp_client_dupl
60/169 Test: t_udp_client_dupl
Command: "/home/xiurui/sponge/txrx.sh" "-ucD"
Directory: /home/xiurui/sponge/bulid
"t_udp_client_dupl" start time: May 24 20:46 CST
Output:
----------------------------------------------------------
DEBUG: Listening for incoming connection...
DEBUG: Connecting to 169.254.144.1:31987...
Successfully connected to 169.254.144.1:31987.
New connection from 169.254.144.1:55659.
DEBUG: Outbound stream to 169.254.144.1:31987 finished (33 bytes still in flight).
DEBUG: Outbound stream to 169.254.144.1:55659 finished (33 bytes still in flight).
DEBUG: Inbound stream from 169.254.144.1:55659 finished cleanly.
DEBUG: Outbound stream to 169.254.144.1:31987 has been fully acknowledged.
DEBUG: Inbound stream from 169.254.144.1:31987 finished cleanly.
DEBUG: Waiting for lingering segments (e.g. retransmissions of FIN) from peer...
DEBUG: Outbound stream to 169.254.144.1:55659 has been fully acknowledged.
DEBUG: Waiting for clean shutdown... DEBUG: Waiting for clean shutdown... DEBUG: TCP connection finished cleanly.
DEBUG: TCP connection finished cleanly.
done.
done.
<end of output>
Test time =   0.25 sec
----------------------------------------------------------
Test Passed.
"t_udp_client_dupl" end time: May 24 20:46 CST
"t_udp_client_dupl" time elapsed: 00:00:00
----------------------------------------------------------

61/169 Testing: t_udp_server_dupl
61/169 Test: t_udp_server_dupl
Command: "/home/xiurui/sponge/txrx.sh" "-usD"
Directory: /home/xiurui/sponge/bulid
"t_udp_server_dupl" start time: May 24 20:46 CST
Output:
----------------------------------------------------------
DEBUG: Listening for incoming connection...
DEBUG: Connecting to 169.254.144.1:6373...
Successfully connected to 169.254.144.1:6373.
New connection from 169.254.144.1:45451.
DEBUG: Outbound stream to 169.254.144.1:6373 finished (33 bytes still in flight).
DEBUG: Inbound stream from 169.254.144.1:45451 finished cleanly.
DEBUG: Outbound stream to 169.254.144.1:6373 has been fully acknowledged.
DEBUG: Outbound stream to 169.254.144.1:45451 finished (33 bytes still in flight).
DEBUG: Inbound stream from 169.254.144.1:6373 finished cleanly.
DEBUG: Waiting for lingering segments (e.g. retransmissions of FIN) from peer...
DEBUG: Waiting for clean shutdown... DEBUG: Waiting for clean shutdown... DEBUG: Outbound stream to 169.254.144.1:45451 has been fully acknowledged.
DEBUG: TCP connection finished cleanly.
done.
DEBUG: TCP connection finished cleanly.
done.
<end of output>
Test time =   0.26 sec
----------------------------------------------------------
Test Passed.
"t_udp_server_dupl" end time: May 24 20:46 CST
"t_udp_server_dupl" time elapsed: 00:00:00
----------------------------------------------------------

62/169 Testing: t_ucS_1M_32k
62/169 Test: t_ucS_1M_32k
Command: "/home/xiurui/sponge/txrx.sh" "-ucSd" "1M" "-w" "32K"
Directory: /home/xiurui/sponge/bulid
"t_ucS_1M_32k" start time: May 24 20:46 CST
Output:
----------------------------------------------------------
DEBUG: Listening for incoming connection...
DEBUG: Connecting to 169.254.144.1:4511...
Successfully connected to 169.254.144.1:4511.
New connection from 169.254.144.1:51542.
DEBUG: Outbound stream to 169.254.144.1:51542 finished (1 byte still in flight).
DEBUG: Inbound stream from 169.254.144.1:4511 finished cleanly.
DEBUG: Outbound stream to 169.254.144.1:51542 has been fully acknowledged.
DEBUG: Waiting for clean shutdown... DEBUG: Outbound stream to 169.254.144.1:4511 finished (31768 bytes still in flight).
DEBUG: Inbound stream from 169.254.144.1:51542 finished cleanly.
DEBUG: Waiting for lingering segments (e.g. retransmissions of FIN) from peer...
DEBUG: Outbound stream to 169.254.144.1:4511 has been fully acknowledged.
DEBUG: TCP connection finished cleanly.
done.
DEBUG: Waiting for clean shutdown... DEBUG: TCP connection finished cleanly.
done.
<end of output>
Test time =   0.35 sec
----------------------------------------------------------
Test Passed.
"t_ucS_1M_32k" end time: May 24 20:46 CST
"t_ucS_1M_32k" time elapsed: 00:00:00
----------------------------------------------------------

63/169 Testing: t_ucS_128K_8K
63/169 Test: t_ucS_128K_8K
Command: "/home/xiurui/sponge/txrx.sh" "-ucSd" "128K" "-w" "8K"
Directory: /home/xiurui/sponge/bulid
"t_ucS_128K_8K" start time: May 24 20:46 CST
Output:
----------------------------------------------------------
DEBUG: Listening for incoming connection...
DEBUG: Connecting to 169.254.144.1:28723...
Successfully connected to 169.254.144.1:28723.
New connection from 169.254.144.1:48742.
DEBUG: Outbound stream to 169.254.144.1:48742 finished (1 byte still in flight).
DEBUG: Inbound stream from 169.254.144.1:28723 finished cleanly.
DEBUG: Outbound stream to 169.254.144.1:48742 has been fully acknowledged.
DEBUG: Waiting for clean shutdown... DEBUG: Outbound stream to 169.254.144.1:28723 finished (6192 bytes still in flight).
DEBUG: Inbound stream from 169.254.144.1:48742 finished cleanly.
DEBUG: Waiting for lingering segments (e.g. retransmissions of FIN) from peer...
DEBUG: Outbound stream to 169.254.144.1:28723 has been fully acknowledged.
DEBUG: TCP connection finished cleanly.
done.
DEBUG: Waiting for clean shutdown... DEBUG: TCP connection finished cleanly.
done.
<end of output>
Test time =   0.26 sec
----------------------------------------------------------
Test Passed.
"t_ucS_128K_8K" end time: May 24 20:46 CST
"t_ucS_128K_8K" time elapsed: 00:00:00
----------------------------------------------------------

64/169 Testing: t_ucS_16_1
64/169 Test: t_ucS_16_1
Command: "/home/xiurui/sponge/txrx.sh" "-ucSd" "16" "-w" "1"
Directory: /home/xiurui/sponge/bulid
"t_ucS_16_1" start time: May 24 20:46 CST
Output:
----------------------------------------------------------
DEBUG: Listening for incoming connection...
DEBUG: Connecting to 169.254.144.1:29869...
Successfully connected to 169.254.144.1:29869.
New connection from 169.254.144.1:56686.
DEBUG: Outbound stream to 169.254.144.1:56686 finished (1 byte still in flight).
DEBUG: Outbound stream to 169.254.144.1:29869 finished (1 byte still in flight).
DEBUG: Inbound stream from 169.254.144.1:29869 finished cleanly.
DEBUG: Outbound stream to 169.254.144.1:56686 has been fully acknowledged.
DEBUG: Waiting for clean shutdown... DEBUG: Inbound stream from 169.254.144.1:56686 finished cleanly.
DEBUG: Waiting for lingering segments (e.g. retransmissions of FIN) from peer...
DEBUG: Outbound stream to 169.254.144.1:29869 has been fully acknowledged.
DEBUG: TCP connection finished cleanly.
done.
DEBUG: Waiting for clean shutdown... DEBUG: TCP connection finished cleanly.
done.
<end of output>
Test time =   0.25 sec
----------------------------------------------------------
Test Passed.
"t_ucS_16_1" end time: May 24 20:46 CST
"t_ucS_16_1" time elapsed: 00:00:00
----------------------------------------------------------

65/169 Testing: t_ucS_32K_d
65/169 Test: t_ucS_32K_d
Command: "/home/xiurui/sponge/txrx.sh" "-ucSd" "32K"
Directory: /home/xiurui/sponge/bulid
"t_ucS_32K_d" start time: May 24 20:46 CST
Output:
----------------------------------------------------------
DEBUG: Listening for incoming connection...
DEBUG: Connecting to 169.254.144.1:33630...
Successfully connected to 169.254.144.1:33630.
New connection from 169.254.144.1:58972.
DEBUG: Outbound stream to 169.254.144.1:58972 finished (1 byte still in flight).
DEBUG: Inbound stream from 169.254.144.1:33630 finished cleanly.
DEBUG: Outbound stream to 169.254.144.1:58972 has been fully acknowledged.
DEBUG: Waiting for clean shutdown... DEBUG: Outbound stream to 169.254.144.1:33630 finished (31769 bytes still in flight).
DEBUG: Inbound stream from 169.254.144.1:58972 finished cleanly.
DEBUG: Waiting for lingering segments (e.g. retransmissions of FIN) from peer...
DEBUG: Outbound stream to 169.254.144.1:33630 has been fully acknowledged.
DEBUG: TCP connection finished cleanly.
done.
DEBUG: Waiting for clean shutdown... DEBUG: TCP connection finished cleanly.
done.
<end of output>
Test time =   0.25 sec
----------------------------------------------------------
Test Passed.
"t_ucS_32K_d" end time: May 24 20:46 CST
"t_ucS_32K_d" time elapsed: 00:00:00
----------------------------------------------------------

66/169 Testing: t_ucR_1M_32k
66/169 Test: t_ucR_1M_32k
Command: "/home/xiurui/sponge/txrx.sh" "-ucRd" "1M" "-w" "32K"
Directory: /home/xiurui/sponge/bulid
"t_ucR_1M_32k" start time: May 24 20:46 CST
Output:
----------------------------------------------------------
DEBUG: Listening for incoming connection...
DEBUG: Connecting to 169.254.144.1:7655...
Successfully connected to 169.254.144.1:7655.
New connection from 169.254.144.1:42937.
DEBUG: Outbound stream to 169.254.144.1:7655 finished (1 byte still in flight).
DEBUG: Inbound stream from 169.254.144.1:42937 finished cleanly.
DEBUG: Outbound stream to 169.254.144.1:7655 has been fully acknowledged.
DEBUG: Waiting for clean shutdown... DEBUG: Outbound stream to 169.254.144.1:42937 finished (30768 bytes still in flight).
DEBUG: Inbound stream from 169.254.144.1:7655 finished cleanly.
DEBUG: Waiting for lingering segments (e.g. retransmissions of FIN) from peer...
DEBUG: Outbound stream to 169.254.144.1:42937 has been fully acknowledged.
DEBUG: TCP connection finished cleanly.
done.
DEBUG: Waiting for clean shutdown... DEBUG: TCP connection finished cleanly.
done.
<end of output>
Test time =   0.31 sec
----------------------------------------------------------
Test Passed.
"t_ucR_1M_32k" end time: May 24 20:46 CST
"t_ucR_1M_32k" time elapsed: 00:00:00
----------------------------------------------------------

67/169 Testing: t_ucR_128K_8K
67/169 Test: t_ucR_128K_8K
Command: "/home/xiurui/sponge/txrx.sh" "-ucRd" "128K" "-w" "8K"
Directory: /home/xiurui/sponge/bulid
"t_ucR_128K_8K" start time: May 24 20:46 CST
Output:
----------------------------------------------------------
DEBUG: Listening for incoming connection...
DEBUG: Connecting to 169.254.144.1:5703...
Successfully connected to 169.254.144.1:5703.
New connection from 169.254.144.1:48052.
DEBUG: Outbound stream to 169.254.144.1:5703 finished (1 byte still in flight).
DEBUG: Inbound stream from 169.254.144.1:48052 finished cleanly.
DEBUG: Outbound stream to 169.254.144.1:5703 has been fully acknowledged.
DEBUG: Waiting for clean shutdown... DEBUG: Outbound stream to 169.254.144.1:48052 finished (7192 bytes still in flight).
DEBUG: Inbound stream from 169.254.144.1:5703 finished cleanly.
DEBUG: Waiting for lingering segments (e.g. retransmissions of FIN) from peer...
DEBUG: Outbound stream to 169.254.144.1:48052 has been fully acknowledged.
DEBUG: TCP connection finished cleanly.
done.
DEBUG: Waiting for clean shutdown... DEBUG: TCP connection finished cleanly.
done.
<end of output>
Test time =   0.26 sec
----------------------------------------------------------
Test Passed.
"t_ucR_128K_8K" end time: May 24 20:46 CST
"t_ucR_128K_8K" time elapsed: 00:00:00
----------------------------------------------------------

68/169 Testing: t_ucR_16_1
68/169 Test: t_ucR_16_1
Command: "/home/xiurui/sponge/txrx.sh" "-ucRd" "16" "-w" "1"
Directory: /home/xiurui/sponge/bulid
"t_ucR_16_1" start time: May 24 20:46 CST
Output:
----------------------------------------------------------
DEBUG: Listening for incoming connection...
DEBUG: Connecting to 169.254.144.1:4995...
Successfully connected to 169.254.144.1:4995.
New connection from 169.254.144.1:44434.
DEBUG: Outbound stream to 169.254.144.1:4995 finished (1 byte still in flight).
DEBUG: Inbound stream from 169.254.144.1:44434 finished cleanly.
DEBUG: Outbound stream to 169.254.144.1:4995 has been fully acknowledged.
DEBUG: Outbound stream to 169.254.144.1:44434 finished (1 byte still in flight).
DEBUG: Waiting for clean shutdown... DEBUG: Inbound stream from 169.254.144.1:4995 finished cleanly.
DEBUG: Waiting for lingering segments (e.g. retransmissions of FIN) from peer...
DEBUG: Outbound stream to 169.254.144.1:44434 has been fully acknowledged.
DEBUG: TCP connection finished cleanly.
done.
DEBUG: Waiting for clean shutdown... DEBUG: TCP connection finished cleanly.
done.
<end of output>
Test time =   0.26 sec
----------------------------------------------------------
Test Passed.
"t_ucR_16_1" end time: May 24 20:46 CST
"t_ucR_16_1" time elapsed: 00:00:00
----------------------------------------------------------

69/169 Testing: t_ucR_32K_d
69/169 Test: t_ucR_32K_d
Command: "/home/xiurui/sponge/txrx.sh" "-ucRd" "32K"
Directory: /home/xiurui/sponge/bulid
"t_ucR_32K_d" start time: May 24 20:46 CST
Output:
----------------------------------------------------------
DEBUG: Listening for incoming connection...
DEBUG: Connecting to 169.254.144.1:15493...
Successfully connected to 169.254.144.1:15493.
New connection from 169.254.144.1:37793.
DEBUG: Outbound stream to 169.254.144.1:15493 finished (1 byte still in flight).
DEBUG: Inbound stream from 169.254.144.1:37793 finished cleanly.
DEBUG: Outbound stream to 169.254.144.1:15493 has been fully acknowledged.
DEBUG: Waiting for clean shutdown... DEBUG: Outbound stream to 169.254.144.1:37793 finished (32769 bytes still in flight).
DEBUG: Inbound stream from 169.254.144.1:15493 finished cleanly.
DEBUG: Waiting for lingering segments (e.g. retransmissions of FIN) from peer...
DEBUG: Outbound stream to 169.254.144.1:37793 has been fully acknowledged.
DEBUG: TCP connection finished cleanly.
done.
DEBUG: Waiting for clean shutdown... DEBUG: TCP connection finished cleanly.
done.
<end of output>
Test time =   0.26 sec
----------------------------------------------------------
Test Passed.
"t_ucR_32K_d" end time: May 24 20:46 CST
"t_ucR_32K_d" time elapsed: 00:00:00
----------------------------------------------------------

70/169 Testing: t_ucD_1M_32k
70/169 Test: t_ucD_1M_32k
Command: "/home/xiurui/sponge/txrx.sh" "-ucDd" "1M" "-w" "32K"
Directory: /home/xiurui/sponge/bulid
"t_ucD_1M_32k" start time: May 24 20:46 CST
Output:
----------------------------------------------------------
DEBUG: Listening for incoming connection...
DEBUG: Connecting to 169.254.144.1:27675...
Successfully connected to 169.254.144.1:27675.
New connection from 169.254.144.1:52568.
DEBUG: Outbound stream to 169.254.144.1:27675 finished (31768 bytes still in flight).
DEBUG: Outbound stream to 169.254.144.1:52568 finished (31768 bytes still in flight).
DEBUG: Inbound stream from 169.254.144.1:52568 finished cleanly.
DEBUG: Inbound stream from 169.254.144.1:27675 finished cleanly.
DEBUG: Outbound stream to 169.254.144.1:52568 has been fully acknowledged.
DEBUG: Outbound stream to 169.254.144.1:27675 has been fully acknowledged.
DEBUG: Waiting for clean shutdown... DEBUG: Waiting for clean shutdown... DEBUG: TCP connection finished cleanly.
done.
DEBUG: TCP connection finished cleanly.
done.
<end of output>
Test time =   0.33 sec
----------------------------------------------------------
Test Passed.
"t_ucD_1M_32k" end time: May 24 20:46 CST
"t_ucD_1M_32k" time elapsed: 00:00:00
----------------------------------------------------------

71/169 Testing: t_ucD_128K_8K
71/169 Test: t_ucD_128K_8K
Command: "/home/xiurui/sponge/txrx.sh" "-ucDd" "128K" "-w" "8K"
Directory: /home/xiurui/sponge/bulid
"t_ucD_128K_8K" start time: May 24 20:46 CST
Output:
----------------------------------------------------------
DEBUG: Listening for incoming connection...
DEBUG: Connecting to 169.254.144.1:10171...
Successfully connected to 169.254.144.1:10171.
New connection from 169.254.144.1:49552.
DEBUG: Outbound stream to DEBUG: Outbound stream to 169.254.144.1:10171169.254.144.1:49552 finished ( finished (71927192 byte bytes still in flight).
s still in flight).
DEBUG: Inbound stream from DEBUG: Inbound stream from 169.254.144.1:10171169.254.144.1:49552 finished  finished cleanly.
cleanly.
DEBUG: Outbound stream to DEBUG: Outbound stream to 169.254.144.1:10171 has been fully acknowledged.
169.254.144.1:49552 has been fully acknowledged.
DEBUG: Waiting for clean shutdown... DEBUG: Waiting for clean shutdown... DEBUG: TCP connection finished cleanly.
done.
DEBUG: TCP connection finished cleanly.
done.
<end of output>
Test time =   0.27 sec
----------------------------------------------------------
Test Passed.
"t_ucD_128K_8K" end time: May 24 20:46 CST
"t_ucD_128K_8K" time elapsed: 00:00:00
----------------------------------------------------------

72/169 Testing: t_ucD_16_1
72/169 Test: t_ucD_16_1
Command: "/home/xiurui/sponge/txrx.sh" "-ucDd" "16" "-w" "1"
Directory: /home/xiurui/sponge/bulid
"t_ucD_16_1" start time: May 24 20:46 CST
Output:
----------------------------------------------------------
DEBUG: Listening for incoming connection...
DEBUG: Connecting to 169.254.144.1:30097...
Successfully connected to 169.254.144.1:30097.
New connection from 169.254.144.1:36645.
DEBUG: Outbound stream to 169.254.144.1:30097 finished (1 byte still in flight).
DEBUG: Outbound stream to 169.254.144.1:36645 finished (1 byte still in flight).
DEBUG: Inbound stream from 169.254.144.1:36645 finished cleanly.
DEBUG: Outbound stream to 169.254.144.1:30097 has been fully acknowledged.
DEBUG: Inbound stream from 169.254.144.1:30097 finished cleanly.
DEBUG: Waiting for lingering segments (e.g. retransmissions of FIN) from peer...
DEBUG: Outbound stream to 169.254.144.1:36645 has been fully acknowledged.
DEBUG: TCP connection finished cleanly.
DEBUG: Waiting for clean shutdown... done.
DEBUG: Waiting for clean shutdown... DEBUG: TCP connection finished cleanly.
done.
<end of output>
Test time =   0.26 sec
----------------------------------------------------------
Test Passed.
"t_ucD_16_1" end time: May 24 20:46 CST
"t_ucD_16_1" time elapsed: 00:00:00
----------------------------------------------------------

73/169 Testing: t_ucD_32K_d
73/169 Test: t_ucD_32K_d
Command: "/home/xiurui/sponge/txrx.sh" "-ucDd" "32K"
Directory: /home/xiurui/sponge/bulid
"t_ucD_32K_d" start time: May 24 20:46 CST
Output:
----------------------------------------------------------
DEBUG: Listening for incoming connection...
DEBUG: Connecting to 169.254.144.1:22615...
Successfully connected to 169.254.144.1:22615.
New connection from 169.254.144.1:33965.
DEBUG: Outbound stream to 169.254.144.1:22615 finished (32769 bytes still in flight).
DEBUG: Outbound stream to 169.254.144.1:33965 finished (32769 bytes still in flight).
DEBUG: Inbound stream from 169.254.144.1:33965 finished cleanly.
DEBUG: Inbound stream from 169.254.144.1:22615 finished cleanly.
DEBUG: Outbound stream to 169.254.144.1:33965 has been fully acknowledged.
DEBUG: Outbound stream to 169.254.144.1:22615 has been fully acknowledged.
DEBUG: Waiting for clean shutdown... DEBUG: Waiting for clean shutdown... DEBUG: TCP connection finished cleanly.
done.
DEBUG: TCP connection finished cleanly.
done.
<end of output>
Test time =   0.25 sec
----------------------------------------------------------
Test Passed.
"t_ucD_32K_d" end time: May 24 20:46 CST
"t_ucD_32K_d" time elapsed: 00:00:00
----------------------------------------------------------

74/169 Testing: t_usS_1M_32k
74/169 Test: t_usS_1M_32k
Command: "/home/xiurui/sponge/txrx.sh" "-usSd" "1M" "-w" "32K"
Directory: /home/xiurui/sponge/bulid
"t_usS_1M_32k" start time: May 24 20:46 CST
Output:
----------------------------------------------------------
DEBUG: Listening for incoming connection...
DEBUG: Connecting to 169.254.144.1:16910...
Successfully connected to 169.254.144.1:16910.
New connection from 169.254.144.1:44302.
DEBUG: Outbound stream to 169.254.144.1:16910 finished (1 byte still in flight).
DEBUG: Inbound stream from 169.254.144.1:44302 finished cleanly.
DEBUG: Outbound stream to 169.254.144.1:16910 has been fully acknowledged.
DEBUG: Waiting for clean shutdown... DEBUG: Outbound stream to 169.254.144.1:44302 finished (31768 bytes still in flight).
DEBUG: Inbound stream from 169.254.144.1:16910 finished cleanly.
DEBUG: Waiting for lingering segments (e.g. retransmissions of FIN) from peer...
DEBUG: Outbound stream to 169.254.144.1:44302 has been fully acknowledged.
DEBUG: TCP connection finished cleanly.
done.
DEBUG: Waiting for clean shutdown... DEBUG: TCP connection finished cleanly.
done.
<end of output>
Test time =   0.35 sec
----------------------------------------------------------
Test Passed.
"t_usS_1M_32k" end time: May 24 20:46 CST
"t_usS_1M_32k" time elapsed: 00:00:00
----------------------------------------------------------

75/169 Testing: t_usS_128K_8K
75/169 Test: t_usS_128K_8K
Command: "/home/xiurui/sponge/txrx.sh" "-usSd" "128K" "-w" "8K"
Directory: /home/xiurui/sponge/bulid
"t_usS_128K_8K" start time: May 24 20:46 CST
Output:
----------------------------------------------------------
DEBUG: Listening for incoming connection...
DEBUG: Connecting to 169.254.144.1:21874...
Successfully connected to 169.254.144.1:21874.
New connection from 169.254.144.1:53073.
DEBUG: Outbound stream to 169.254.144.1:21874 finished (1 byte still in flight).
DEBUG: Inbound stream from 169.254.144.1:53073 finished cleanly.
DEBUG: Outbound stream to 169.254.144.1:21874 has been fully acknowledged.
DEBUG: Waiting for clean shutdown... DEBUG: Outbound stream to 169.254.144.1:53073 finished (7192 bytes still in flight).
DEBUG: Inbound stream from 169.254.144.1:21874 finished cleanly.
DEBUG: Waiting for lingering segments (e.g. retransmissions of FIN) from peer...
DEBUG: Outbound stream to 169.254.144.1:53073 has been fully acknowledged.
DEBUG: TCP connection finished cleanly.
done.
DEBUG: Waiting for clean shutdown... DEBUG: TCP connection finished cleanly.
done.
<end of output>
Test time =   0.26 sec
----------------------------------------------------------
Test Passed.
"t_usS_128K_8K" end time: May 24 20:46 CST
"t_usS_128K_8K" time elapsed: 00:00:00
----------------------------------------------------------

76/169 Testing: t_usS_16_1
76/169 Test: t_usS_16_1
Command: "/home/xiurui/sponge/txrx.sh" "-usSd" "16" "-w" "1"
Directory: /home/xiurui/sponge/bulid
"t_usS_16_1" start time: May 24 20:46 CST
Output:
----------------------------------------------------------
DEBUG: Listening for incoming connection...
DEBUG: Connecting to 169.254.144.1:1143...
Successfully connected to 169.254.144.1:1143.
New connection from 169.254.144.1:34077.
DEBUG: Outbound stream to 169.254.144.1:1143 finished (1 byte still in flight).
DEBUG: Inbound stream from 169.254.144.1:34077 finished cleanly.
DEBUG: Outbound stream to 169.254.144.1:1143 has been fully acknowledged.
DEBUG: Outbound stream to 169.254.144.1:34077 finished (1 byte still in flight).
DEBUG: Waiting for clean shutdown... DEBUG: Inbound stream from 169.254.144.1:1143 finished cleanly.
DEBUG: Waiting for lingering segments (e.g. retransmissions of FIN) from peer...
DEBUG: Outbound stream to 169.254.144.1:34077 has been fully acknowledged.
DEBUG: TCP connection finished cleanly.
done.
DEBUG: Waiting for clean shutdown... DEBUG: TCP connection finished cleanly.
done.
<end of output>
Test time =   0.26 sec
----------------------------------------------------------
Test Passed.
"t_usS_16_1" end time: May 24 20:46 CST
"t_usS_16_1" time elapsed: 00:00:00
----------------------------------------------------------

77/169 Testing: t_usS_32K_d
77/169 Test: t_usS_32K_d
Command: "/home/xiurui/sponge/txrx.sh" "-usSd" "32K"
Directory: /home/xiurui/sponge/bulid
"t_usS_32K_d" start time: May 24 20:46 CST
Output:
----------------------------------------------------------
DEBUG: Listening for incoming connection...
DEBUG: Connecting to 169.254.144.1:16371...
Successfully connected to 169.254.144.1:16371.
New connection from 169.254.144.1:44334.
DEBUG: Outbound stream to 169.254.144.1:16371 finished (1 byte still in flight).
DEBUG: Inbound stream from 169.254.144.1:44334 finished cleanly.
DEBUG: Outbound stream to 169.254.144.1:16371 has been fully acknowledged.
DEBUG: Outbound stream to 169.254.144.1:44334 finished (32769 bytes still in flight).
DEBUG: Waiting for clean shutdown... DEBUG: Inbound stream from 169.254.144.1:16371 finished cleanly.
DEBUG: Waiting for lingering segments (e.g. retransmissions of FIN) from peer...
DEBUG: Outbound stream to 169.254.144.1:44334 has been fully acknowledged.
DEBUG: TCP connection finished cleanly.
done.
DEBUG: Waiting for clean shutdown... DEBUG: TCP connection finished cleanly.
done.
<end of output>
Test time =   0.26 sec
----------------------------------------------------------
Test Passed.
"t_usS_32K_d" end time: May 24 20:46 CST
"t_usS_32K_d" time elapsed: 00:00:00
----------------------------------------------------------

78/169 Testing: t_usR_1M_32k
78/169 Test: t_usR_1M_32k
Command: "/home/xiurui/sponge/txrx.sh" "-usRd" "1M" "-w" "32K"
Directory: /home/xiurui/sponge/bulid
"t_usR_1M_32k" start time: May 24 20:46 CST
Output:
----------------------------------------------------------
DEBUG: Listening for incoming connection...
DEBUG: Connecting to 169.254.144.1:26902...
Successfully connected to 169.254.144.1:26902.
New connection from 169.254.144.1:55896.
DEBUG: Outbound stream to 169.254.144.1:55896 finished (1 byte still in flight).
DEBUG: Inbound stream from 169.254.144.1:26902 finished cleanly.
DEBUG: Outbound stream to 169.254.144.1:55896 has been fully acknowledged.
DEBUG: Waiting for clean shutdown... DEBUG: Outbound stream to 169.254.144.1:26902 finished (31768 bytes still in flight).
DEBUG: Outbound stream to 169.254.144.1:26902 has been fully acknowledged.
DEBUG: Inbound stream from DEBUG: TCP connection finished 169.254.144.1:55896 finished cleanly.
cleanly.
[...]
DEBUG: Waiting for lingering segments (e.g. retransmissions of FIN) from peer...
DEBUG: Waiting for clean shutdown... DEBUG: Outbound stream to 169.254.144.1:59715 has been fully acknowledged.
DEBUG: TCP connection finished cleanly.
done.
DEBUG: TCP connection finished cleanly.
done.
<end of output>
Test time =   0.54 sec
----------------------------------------------------------
Test Passed.
"t_isD_128K_8K_L" end time: May 24 20:47 CST
"t_isD_128K_8K_L" time elapsed: 00:00:00
----------------------------------------------------------

151/169 Testing: t_isD_128K_8K_lL
151/169 Test: t_isD_128K_8K_lL
Command: "/home/xiurui/sponge/txrx.sh" "-isDd" "128K" "-w" "8K" "-l" "0.1" "-L" "0.1"
Directory: /home/xiurui/sponge/bulid
"t_isD_128K_8K_lL" start time: May 24 20:47 CST
Output:
----------------------------------------------------------
DEBUG: Listening for incoming connection...
DEBUG: Connecting to 169.254.144.9:28896...
Successfully connected to 169.254.144.9:28896.
New connection from 169.254.144.1:45341.
DEBUG: Outbound stream to 169.254.144.9:28896 finished (7192 bytes still in flight).
DEBUG: Outbound stream to 169.254.144.1:45341 finished (6192 bytes still in flight).
DEBUG: Inbound stream from 169.254.144.1:45341 finished cleanly.
DEBUG: Outbound stream to 169.254.144.9:28896 has been fully acknowledged.
DEBUG: Waiting for clean shutdown... DEBUG: Waiting for clean shutdown... DEBUG: Inbound stream from 169.254.144.9:28896 finished cleanly.
DEBUG: Waiting for lingering segments (e.g. retransmissions of FIN) from peer...
DEBUG: Outbound stream to 169.254.144.1:45341 has been fully acknowledged.
DEBUG: TCP connection finished cleanly.
done.
DEBUG: TCP connection finished cleanly.
done.
<end of output>
Test time =   0.55 sec
----------------------------------------------------------
Test Passed.
"t_isD_128K_8K_lL" end time: May 24 20:47 CST
"t_isD_128K_8K_lL" time elapsed: 00:00:00
----------------------------------------------------------

152/169 Testing: t_icnS_128K_8K_l
152/169 Test: t_icnS_128K_8K_l
Command: "/home/xiurui/sponge/txrx.sh" "-icSnd" "128K" "-w" "8K" "-l" "0.1"
Directory: /home/xiurui/sponge/bulid
"t_icnS_128K_8K_l" start time: May 24 20:47 CST
Output:
----------------------------------------------------------
DEBUG: Connecting to 169.254.144.1:10843...
Successfully connected to 169.254.144.1:10843.
DEBUG: Inbound stream from 169.254.144.1:10843 finished cleanly.
DEBUG: Waiting for clean shutdown... DEBUG: Outbound stream to 169.254.144.1:10843 finished (46073 bytes still in flight).
DEBUG: Outbound stream to 169.254.144.1:10843 has been fully acknowledged.
DEBUG: TCP connection finished cleanly.
done.
<end of output>
Test time =   0.15 sec
----------------------------------------------------------
Test Passed.
"t_icnS_128K_8K_l" end time: May 24 20:47 CST
"t_icnS_128K_8K_l" time elapsed: 00:00:00
----------------------------------------------------------

153/169 Testing: t_icnS_128K_8K_L
153/169 Test: t_icnS_128K_8K_L
Command: "/home/xiurui/sponge/txrx.sh" "-icSnd" "128K" "-w" "8K" "-L" "0.1"
Directory: /home/xiurui/sponge/bulid
"t_icnS_128K_8K_L" start time: May 24 20:47 CST
Output:
----------------------------------------------------------
DEBUG: Connecting to 169.254.144.1:18737...
Successfully connected to 169.254.144.1:18737.
DEBUG: Inbound stream from 169.254.144.1:18737 finished cleanly.
DEBUG: Waiting for clean shutdown... DEBUG: Outbound stream to 169.254.144.1:18737 finished (43000 bytes still in flight).
DEBUG: Outbound stream to 169.254.144.1:18737 has been fully acknowledged.
DEBUG: TCP connection finished cleanly.
done.
<end of output>
Test time =   0.34 sec
----------------------------------------------------------
Test Passed.
"t_icnS_128K_8K_L" end time: May 24 20:47 CST
"t_icnS_128K_8K_L" time elapsed: 00:00:00
----------------------------------------------------------

154/169 Testing: t_icnS_128K_8K_lL
154/169 Test: t_icnS_128K_8K_lL
Command: "/home/xiurui/sponge/txrx.sh" "-icSnd" "128K" "-w" "8K" "-l" "0.1" "-L" "0.1"
Directory: /home/xiurui/sponge/bulid
"t_icnS_128K_8K_lL" start time: May 24 20:47 CST
Output:
----------------------------------------------------------
DEBUG: Connecting to 169.254.144.1:21277...
Successfully connected to 169.254.144.1:21277.
DEBUG: Inbound stream from 169.254.144.1:21277 finished cleanly.
DEBUG: Waiting for clean shutdown... DEBUG: Outbound stream to 169.254.144.1:21277 finished (41000 bytes still in flight).
DEBUG: Outbound stream to 169.254.144.1:21277 has been fully acknowledged.
DEBUG: TCP connection finished cleanly.
done.
<end of output>
Test time =   0.65 sec
----------------------------------------------------------
Test Passed.
"t_icnS_128K_8K_lL" end time: May 24 20:47 CST
"t_icnS_128K_8K_lL" time elapsed: 00:00:00
----------------------------------------------------------

155/169 Testing: t_icnR_128K_8K_l
155/169 Test: t_icnR_128K_8K_l
Command: "/home/xiurui/sponge/txrx.sh" "-icRnd" "128K" "-w" "8K" "-l" "0.1"
Directory: /home/xiurui/sponge/bulid
"t_icnR_128K_8K_l" start time: May 24 20:47 CST
Output:
----------------------------------------------------------
DEBUG: Connecting to 169.254.144.1:20170...
Successfully connected to 169.254.144.1:20170.
DEBUG: Outbound stream to 169.254.144.1:20170 finished (1 byte still in flight).
DEBUG: Outbound stream to 169.254.144.1:20170 has been fully acknowledged.
DEBUG: Inbound stream from 169.254.144.1:20170 finished cleanly.
DEBUG: Waiting for lingering segments (e.g. retransmissions of FIN) from peer...
DEBUG: Waiting for clean shutdown... DEBUG: TCP connection finished cleanly.
done.
<end of output>
Test time =   0.60 sec
----------------------------------------------------------
Test Passed.
"t_icnR_128K_8K_l" end time: May 24 20:47 CST
"t_icnR_128K_8K_l" time elapsed: 00:00:00
----------------------------------------------------------

156/169 Testing: t_icnR_128K_8K_L
156/169 Test: t_icnR_128K_8K_L
Command: "/home/xiurui/sponge/txrx.sh" "-icRnd" "128K" "-w" "8K" "-L" "0.1"
Directory: /home/xiurui/sponge/bulid
"t_icnR_128K_8K_L" start time: May 24 20:47 CST
Output:
----------------------------------------------------------
DEBUG: Connecting to 169.254.144.1:4025...
Successfully connected to 169.254.144.1:4025.
DEBUG: Outbound stream to 169.254.144.1:4025 finished (1 byte still in flight).
DEBUG: Outbound stream to 169.254.144.1:4025 has been fully acknowledged.
DEBUG: Inbound stream from 169.254.144.1:4025 finished cleanly.
DEBUG: Waiting for lingering segments (e.g. retransmissions of FIN) from peer...
DEBUG: Waiting for clean shutdown... DEBUG: TCP connection finished cleanly.
done.
<end of output>
Test time =   0.28 sec
----------------------------------------------------------
Test Passed.
"t_icnR_128K_8K_L" end time: May 24 20:47 CST
"t_icnR_128K_8K_L" time elapsed: 00:00:00
----------------------------------------------------------

157/169 Testing: t_icnR_128K_8K_lL
157/169 Test: t_icnR_128K_8K_lL
Command: "/home/xiurui/sponge/txrx.sh" "-icRnd" "128K" "-w" "8K" "-l" "0.1" "-L" "0.1"
Directory: /home/xiurui/sponge/bulid
"t_icnR_128K_8K_lL" start time: May 24 20:47 CST
Output:
----------------------------------------------------------
DEBUG: Connecting to 169.254.144.1:24729...
Successfully connected to 169.254.144.1:24729.
DEBUG: Outbound stream to 169.254.144.1:24729 finished (1 byte still in flight).
DEBUG: Outbound stream to 169.254.144.1:24729 has been fully acknowledged.
DEBUG: Inbound stream from 169.254.144.1:24729 finished cleanly.
DEBUG: Waiting for lingering segments (e.g. retransmissions of FIN) from peer...
DEBUG: Waiting for clean shutdown... DEBUG: TCP connection finished cleanly.
done.
<end of output>
Test time =   1.20 sec
----------------------------------------------------------
Test Passed.
"t_icnR_128K_8K_lL" end time: May 24 20:47 CST
"t_icnR_128K_8K_lL" time elapsed: 00:00:01
----------------------------------------------------------

158/169 Testing: t_icnD_128K_8K_l
158/169 Test: t_icnD_128K_8K_l
Command: "/home/xiurui/sponge/txrx.sh" "-icDnd" "128K" "-w" "8K" "-l" "0.1"
Directory: /home/xiurui/sponge/bulid
"t_icnD_128K_8K_l" start time: May 24 20:47 CST
Output:
----------------------------------------------------------
DEBUG: Connecting to 169.254.144.1:21520...
Successfully connected to 169.254.144.1:21520.
DEBUG: Outbound stream to 169.254.144.1:21520 finished (64000 bytes still in flight).
DEBUG: Outbound stream to 169.254.144.1:21520 has been fully acknowledged.
DEBUG: Inbound stream from 169.254.144.1:21520 finished cleanly.
DEBUG: Waiting for lingering segments (e.g. retransmissions of FIN) from peer...
DEBUG: Waiting for clean shutdown... DEBUG: TCP connection finished cleanly.
done.
<end of output>
Test time =   0.41 sec
----------------------------------------------------------
Test Passed.
"t_icnD_128K_8K_l" end time: May 24 20:47 CST
"t_icnD_128K_8K_l" time elapsed: 00:00:00
----------------------------------------------------------

159/169 Testing: t_icnD_128K_8K_L
159/169 Test: t_icnD_128K_8K_L
Command: "/home/xiurui/sponge/txrx.sh" "-icDnd" "128K" "-w" "8K" "-L" "0.1"
Directory: /home/xiurui/sponge/bulid
"t_icnD_128K_8K_L" start time: May 24 20:47 CST
Output:
----------------------------------------------------------
DEBUG: Connecting to 169.254.144.1:26466...
Successfully connected to 169.254.144.1:26466.
DEBUG: Inbound stream from 169.254.144.1:26466 finished cleanly.
DEBUG: Waiting for clean shutdown... DEBUG: Outbound stream to 169.254.144.1:26466 finished (42000 bytes still in flight).
DEBUG: Outbound stream to 169.254.144.1:26466 has been fully acknowledged.
DEBUG: TCP connection finished cleanly.
done.
<end of output>
Test time =   0.47 sec
----------------------------------------------------------
Test Passed.
"t_icnD_128K_8K_L" end time: May 24 20:47 CST
"t_icnD_128K_8K_L" time elapsed: 00:00:00
----------------------------------------------------------

160/169 Testing: t_icnD_128K_8K_lL
160/169 Test: t_icnD_128K_8K_lL
Command: "/home/xiurui/sponge/txrx.sh" "-icDnd" "128K" "-w" "8K" "-l" "0.1" "-L" "0.1"
Directory: /home/xiurui/sponge/bulid
"t_icnD_128K_8K_lL" start time: May 24 20:47 CST
Output:
----------------------------------------------------------
DEBUG: Connecting to 169.254.144.1:19038...
Successfully connected to 169.254.144.1:19038.
DEBUG: Outbound stream to 169.254.144.1:19038 finished (36000 bytes still in flight).
DEBUG: Outbound stream to 169.254.144.1:19038 has been fully acknowledged.
DEBUG: Inbound stream from 169.254.144.1:19038 finished cleanly.
DEBUG: Waiting for lingering segments (e.g. retransmissions of FIN) from peer...
DEBUG: Waiting for clean shutdown... DEBUG: TCP connection finished cleanly.
done.
<end of output>
Test time =   0.43 sec
----------------------------------------------------------
Test Passed.
"t_icnD_128K_8K_lL" end time: May 24 20:47 CST
"t_icnD_128K_8K_lL" time elapsed: 00:00:00
----------------------------------------------------------

161/169 Testing: t_isnS_128K_8K_l
161/169 Test: t_isnS_128K_8K_l
Command: "/home/xiurui/sponge/txrx.sh" "-isSnd" "128K" "-w" "8K" "-l" "0.1"
Directory: /home/xiurui/sponge/bulid
"t_isnS_128K_8K_l" start time: May 24 20:47 CST
Output:
----------------------------------------------------------
DEBUG: Listening for incoming connection...
New connection from 169.254.144.1:43830.
DEBUG: Inbound stream from 169.254.144.1:43830 finished cleanly.
DEBUG: Waiting for clean shutdown... DEBUG: Outbound stream to 169.254.144.1:43830 finished (64000 bytes still in flight).
DEBUG: Outbound stream to 169.254.144.1:43830 has been fully acknowledged.
DEBUG: TCP connection finished cleanly.
done.
<end of output>
Test time =   0.14 sec
----------------------------------------------------------
Test Passed.
"t_isnS_128K_8K_l" end time: May 24 20:47 CST
"t_isnS_128K_8K_l" time elapsed: 00:00:00
----------------------------------------------------------

162/169 Testing: t_isnS_128K_8K_L
162/169 Test: t_isnS_128K_8K_L
Command: "/home/xiurui/sponge/txrx.sh" "-isSnd" "128K" "-w" "8K" "-L" "0.1"
Directory: /home/xiurui/sponge/bulid
"t_isnS_128K_8K_L" start time: May 24 20:47 CST
Output:
----------------------------------------------------------
DEBUG: Listening for incoming connection...
New connection from 169.254.144.1:33866.
DEBUG: Inbound stream from 169.254.144.1:33866 finished cleanly.
DEBUG: Waiting for clean shutdown... DEBUG: Outbound stream to 169.254.144.1:33866 finished (33000 bytes still in flight).
DEBUG: Outbound stream to 169.254.144.1:33866 has been fully acknowledged.
DEBUG: TCP connection finished cleanly.
done.
<end of output>
Test time =   0.40 sec
----------------------------------------------------------
Test Passed.
"t_isnS_128K_8K_L" end time: May 24 20:47 CST
"t_isnS_128K_8K_L" time elapsed: 00:00:00
----------------------------------------------------------

163/169 Testing: t_isnS_128K_8K_lL
163/169 Test: t_isnS_128K_8K_lL
Command: "/home/xiurui/sponge/txrx.sh" "-isSnd" "128K" "-w" "8K" "-l" "0.1" "-L" "0.1"
Directory: /home/xiurui/sponge/bulid
"t_isnS_128K_8K_lL" start time: May 24 20:47 CST
Output:
----------------------------------------------------------
DEBUG: Listening for incoming connection...
New connection from 169.254.144.1:35906.
DEBUG: Inbound stream from 169.254.144.1:35906 finished cleanly.
DEBUG: Waiting for clean shutdown... DEBUG: Outbound stream to 169.254.144.1:35906 finished (39000 bytes still in flight).
DEBUG: Outbound stream to 169.254.144.1:35906 has been fully acknowledged.
DEBUG: TCP connection finished cleanly.
done.
<end of output>
Test time =   0.29 sec
----------------------------------------------------------
Test Passed.
"t_isnS_128K_8K_lL" end time: May 24 20:47 CST
"t_isnS_128K_8K_lL" time elapsed: 00:00:00
----------------------------------------------------------

164/169 Testing: t_isnR_128K_8K_l
164/169 Test: t_isnR_128K_8K_l
Command: "/home/xiurui/sponge/txrx.sh" "-isRnd" "128K" "-w" "8K" "-l" "0.1"
Directory: /home/xiurui/sponge/bulid
"t_isnR_128K_8K_l" start time: May 24 20:47 CST
Output:
----------------------------------------------------------
DEBUG: Listening for incoming connection...
New connection from 169.254.144.1:57222.
DEBUG: Outbound stream to 169.254.144.1:57222 finished (1 byte still in flight).
DEBUG: Outbound stream to 169.254.144.1:57222 has been fully acknowledged.
DEBUG: Inbound stream from 169.254.144.1:57222 finished cleanly.
DEBUG: Waiting for lingering segments (e.g. retransmissions of FIN) from peer...
DEBUG: Waiting for clean shutdown... DEBUG: TCP connection finished cleanly.
done.
<end of output>
Test time =   0.77 sec
----------------------------------------------------------
Test Passed.
"t_isnR_128K_8K_l" end time: May 24 20:47 CST
"t_isnR_128K_8K_l" time elapsed: 00:00:00
----------------------------------------------------------

165/169 Testing: t_isnR_128K_8K_L
165/169 Test: t_isnR_128K_8K_L
Command: "/home/xiurui/sponge/txrx.sh" "-isRnd" "128K" "-w" "8K" "-L" "0.1"
Directory: /home/xiurui/sponge/bulid
"t_isnR_128K_8K_L" start time: May 24 20:47 CST
Output:
----------------------------------------------------------
DEBUG: Listening for incoming connection...
New connection from 169.254.144.1:55988.
DEBUG: Outbound stream to 169.254.144.1:55988 finished (1 byte still in flight).
DEBUG: Outbound stream to 169.254.144.1:55988 has been fully acknowledged.
DEBUG: Inbound stream from 169.254.144.1:55988 finished cleanly.
DEBUG: Waiting for lingering segments (e.g. retransmissions of FIN) from peer...
DEBUG: Waiting for clean shutdown... DEBUG: TCP connection finished cleanly.
done.
<end of output>
Test time =   0.26 sec
----------------------------------------------------------
Test Passed.
"t_isnR_128K_8K_L" end time: May 24 20:47 CST
"t_isnR_128K_8K_L" time elapsed: 00:00:00
----------------------------------------------------------

166/169 Testing: t_isnR_128K_8K_lL
166/169 Test: t_isnR_128K_8K_lL
Command: "/home/xiurui/sponge/txrx.sh" "-isRnd" "128K" "-w" "8K" "-l" "0.1" "-L" "0.1"
Directory: /home/xiurui/sponge/bulid
"t_isnR_128K_8K_lL" start time: May 24 20:47 CST
Output:
----------------------------------------------------------
DEBUG: Listening for incoming connection...
New connection from 169.254.144.1:36916.
DEBUG: Outbound stream to 169.254.144.1:36916 finished (1 byte still in flight).
DEBUG: Outbound stream to 169.254.144.1:36916 has been fully acknowledged.
DEBUG: Waiting for clean shutdown... DEBUG: Inbound stream from 169.254.144.1:36916 finished cleanly.
DEBUG: Waiting for lingering segments (e.g. retransmissions of FIN) from peer...
DEBUG: TCP connection finished cleanly.
done.
<end of output>
Test time =   4.16 sec
----------------------------------------------------------
Test Passed.
"t_isnR_128K_8K_lL" end time: May 24 20:47 CST
"t_isnR_128K_8K_lL" time elapsed: 00:00:04
----------------------------------------------------------

167/169 Testing: t_isnD_128K_8K_l
167/169 Test: t_isnD_128K_8K_l
Command: "/home/xiurui/sponge/txrx.sh" "-isDnd" "128K" "-w" "8K" "-l" "0.1"
Directory: /home/xiurui/sponge/bulid
"t_isnD_128K_8K_l" start time: May 24 20:47 CST
Output:
----------------------------------------------------------
DEBUG: Listening for incoming connection...
New connection from 169.254.144.1:55408.
DEBUG: Outbound stream to 169.254.144.1:55408 finished (64000 bytes still in flight).
DEBUG: Outbound stream to 169.254.144.1:55408 has been fully acknowledged.
DEBUG: Inbound stream from 169.254.144.1:55408 finished cleanly.
DEBUG: Waiting for lingering segments (e.g. retransmissions of FIN) from peer...
DEBUG: Waiting for clean shutdown... DEBUG: TCP connection finished cleanly.
done.
<end of output>
Test time =   0.47 sec
----------------------------------------------------------
Test Passed.
"t_isnD_128K_8K_l" end time: May 24 20:47 CST
"t_isnD_128K_8K_l" time elapsed: 00:00:00
----------------------------------------------------------

168/169 Testing: t_isnD_128K_8K_L
168/169 Test: t_isnD_128K_8K_L
Command: "/home/xiurui/sponge/txrx.sh" "-isDnd" "128K" "-w" "8K" "-L" "0.1"
Directory: /home/xiurui/sponge/bulid
"t_isnD_128K_8K_L" start time: May 24 20:47 CST
Output:
----------------------------------------------------------
DEBUG: Listening for incoming connection...
New connection from 169.254.144.1:47754.
DEBUG: Outbound stream to 169.254.144.1:47754 finished (56000 bytes still in flight).
DEBUG: Inbound stream from 169.254.144.1:47754 finished cleanly.
DEBUG: Waiting for clean shutdown... DEBUG: Outbound stream to 169.254.144.1:47754 has been fully acknowledged.
DEBUG: TCP connection finished cleanly.
done.
<end of output>
Test time =   0.37 sec
----------------------------------------------------------
Test Passed.
"t_isnD_128K_8K_L" end time: May 24 20:47 CST
"t_isnD_128K_8K_L" time elapsed: 00:00:00
----------------------------------------------------------

169/169 Testing: t_isnD_128K_8K_lL
169/169 Test: t_isnD_128K_8K_lL
Command: "/home/xiurui/sponge/txrx.sh" "-isDnd" "128K" "-w" "8K" "-l" "0.1" "-L" "0.1"
Directory: /home/xiurui/sponge/bulid
"t_isnD_128K_8K_lL" start time: May 24 20:47 CST
Output:
----------------------------------------------------------
DEBUG: Listening for incoming connection...
New connection from 169.254.144.1:44708.
DEBUG: Outbound stream to 169.254.144.1:44708 finished (40000 bytes still in flight).
DEBUG: Outbound stream to 169.254.144.1:44708 has been fully acknowledged.
DEBUG: Inbound stream from 169.254.144.1:44708 finished cleanly.
DEBUG: Waiting for lingering segments (e.g. retransmissions of FIN) from peer...
DEBUG: Waiting for clean shutdown... DEBUG: TCP connection finished cleanly.
done.
<end of output>
Test time =   0.52 sec
----------------------------------------------------------
Test Passed.
"t_isnD_128K_8K_lL" end time: May 24 20:47 CST
"t_isnD_128K_8K_lL" time elapsed: 00:00:00
----------------------------------------------------------

End testing: May 24 20:47 CST
